2019-04-30 16:51:10.178  INFO 6320 --- [main] club.p9j7.Application                    : Starting Application on dulaoc with PID 6320 (C:\Users\86156\Desktop\SinaSpider\target\classes started by 86156 in C:\Users\86156\Desktop\SinaSpider)
2019-04-30 16:51:10.180  INFO 6320 --- [main] club.p9j7.Application                    : No active profile set, falling back to default profiles: default
2019-04-30 16:51:10.991  INFO 6320 --- [main] club.p9j7.Application                    : Started Application in 1.505 seconds (JVM running for 2.948)
2019-04-30 16:53:20.191  INFO 9028 --- [main] club.p9j7.Application                    : Starting Application on dulaoc with PID 9028 (C:\Users\86156\Desktop\SinaSpider\target\classes started by 86156 in C:\Users\86156\Desktop\SinaSpider)
2019-04-30 16:53:20.195  INFO 9028 --- [main] club.p9j7.Application                    : No active profile set, falling back to default profiles: default
2019-04-30 16:53:20.973  INFO 9028 --- [main] club.p9j7.Application                    : Started Application in 1.123 seconds (JVM running for 2.371)
2019-04-30 16:58:09.695  INFO 10324 --- [main] club.p9j7.Application                    : Starting Application on dulaoc with PID 10324 (C:\Users\86156\Desktop\SinaSpider\target\classes started by 86156 in C:\Users\86156\Desktop\SinaSpider)
2019-04-30 16:58:09.699  INFO 10324 --- [main] club.p9j7.Application                    : No active profile set, falling back to default profiles: default
2019-04-30 16:58:10.420  INFO 10324 --- [main] club.p9j7.Application                    : Started Application in 1.082 seconds (JVM running for 2.288)
2019-04-30 17:00:10.230  INFO 15316 --- [main] club.p9j7.Application                    : Starting Application on dulaoc with PID 15316 (C:\Users\86156\Desktop\SinaSpider\target\classes started by 86156 in C:\Users\86156\Desktop\SinaSpider)
2019-04-30 17:00:10.232  INFO 15316 --- [main] club.p9j7.Application                    : No active profile set, falling back to default profiles: default
2019-04-30 17:00:10.862  INFO 15316 --- [main] club.p9j7.Application                    : Started Application in 0.906 seconds (JVM running for 1.974)
2019-04-30 17:57:31.689  INFO   --- [main] .b.t.c.SpringBootTestContextBootstrapper : Neither @ContextConfiguration nor @ContextHierarchy found for test class [testSpiderMan], using SpringBootContextLoader
2019-04-30 17:57:31.702  INFO   --- [main] o.s.t.c.support.AbstractContextLoader    : Could not detect default resource locations for test class [testSpiderMan]: no resource found for suffixes {-context.xml, Context.groovy}.
2019-04-30 17:57:32.056  INFO   --- [main] .b.t.c.SpringBootTestContextBootstrapper : Loaded default TestExecutionListener class names from location [META-INF/spring.factories]: [org.springframework.boot.test.mock.mockito.MockitoTestExecutionListener, org.springframework.boot.test.mock.mockito.ResetMocksTestExecutionListener, org.springframework.boot.test.autoconfigure.restdocs.RestDocsTestExecutionListener, org.springframework.boot.test.autoconfigure.web.client.MockRestServiceServerResetTestExecutionListener, org.springframework.boot.test.autoconfigure.web.servlet.MockMvcPrintOnlyOnFailureTestExecutionListener, org.springframework.boot.test.autoconfigure.web.servlet.WebDriverTestExecutionListener, org.springframework.test.context.web.ServletTestExecutionListener, org.springframework.test.context.support.DirtiesContextBeforeModesTestExecutionListener, org.springframework.test.context.support.DependencyInjectionTestExecutionListener, org.springframework.test.context.support.DirtiesContextTestExecutionListener, org.springframework.test.context.transaction.TransactionalTestExecutionListener, org.springframework.test.context.jdbc.SqlScriptsTestExecutionListener]
2019-04-30 17:57:32.089  INFO   --- [main] .b.t.c.SpringBootTestContextBootstrapper : Using TestExecutionListeners: [org.springframework.test.context.support.DirtiesContextBeforeModesTestExecutionListener@235834f2, org.springframework.boot.test.mock.mockito.MockitoTestExecutionListener@5656be13, org.springframework.boot.test.autoconfigure.SpringBootDependencyInjectionTestExecutionListener@4218d6a3, org.springframework.test.context.support.DirtiesContextTestExecutionListener@76505305, org.springframework.test.context.transaction.TransactionalTestExecutionListener@14cd1699, org.springframework.test.context.jdbc.SqlScriptsTestExecutionListener@77888435, org.springframework.boot.test.mock.mockito.ResetMocksTestExecutionListener@73a1e9a9, org.springframework.boot.test.autoconfigure.restdocs.RestDocsTestExecutionListener@71d44a3, org.springframework.boot.test.autoconfigure.web.client.MockRestServiceServerResetTestExecutionListener@7b98f307, org.springframework.boot.test.autoconfigure.web.servlet.MockMvcPrintOnlyOnFailureTestExecutionListener@4802796d, org.springframework.boot.test.autoconfigure.web.servlet.WebDriverTestExecutionListener@34123d65]
2019-04-30 17:57:32.572  INFO 14940 --- [main] testSpiderMan                            : Starting testSpiderMan on dulaoc with PID 14940 (started by 86156 in C:\Users\86156\Desktop\SinaSpider)
2019-04-30 17:57:32.573  INFO 14940 --- [main] testSpiderMan                            : No active profile set, falling back to default profiles: default
2019-04-30 17:57:33.722  INFO 14940 --- [main] testSpiderMan                            : Started testSpiderMan in 1.544 seconds (JVM running for 3.264)
2019-04-30 17:57:34.656  INFO 14940 --- [main] us.codecraft.webmagic.Spider             : Spider news.sina.com.cn started!
2019-04-30 17:57:35.268  INFO 14940 --- [pool-2-thread-1] u.c.w.downloader.HttpClientDownloader    : downloading page success https://news.sina.com.cn/roll/#pageid=153&lid=2509&k=&num=50&page=1
2019-04-30 17:57:35.423  INFO 14940 --- [main] us.codecraft.webmagic.Spider             : Spider news.sina.com.cn closed! 1 pages downloaded.
2019-04-30 17:59:09.211  INFO   --- [main] .b.t.c.SpringBootTestContextBootstrapper : Neither @ContextConfiguration nor @ContextHierarchy found for test class [testSpiderMan], using SpringBootContextLoader
2019-04-30 17:59:09.218  INFO   --- [main] o.s.t.c.support.AbstractContextLoader    : Could not detect default resource locations for test class [testSpiderMan]: no resource found for suffixes {-context.xml, Context.groovy}.
2019-04-30 17:59:09.451  INFO   --- [main] .b.t.c.SpringBootTestContextBootstrapper : Loaded default TestExecutionListener class names from location [META-INF/spring.factories]: [org.springframework.boot.test.mock.mockito.MockitoTestExecutionListener, org.springframework.boot.test.mock.mockito.ResetMocksTestExecutionListener, org.springframework.boot.test.autoconfigure.restdocs.RestDocsTestExecutionListener, org.springframework.boot.test.autoconfigure.web.client.MockRestServiceServerResetTestExecutionListener, org.springframework.boot.test.autoconfigure.web.servlet.MockMvcPrintOnlyOnFailureTestExecutionListener, org.springframework.boot.test.autoconfigure.web.servlet.WebDriverTestExecutionListener, org.springframework.test.context.web.ServletTestExecutionListener, org.springframework.test.context.support.DirtiesContextBeforeModesTestExecutionListener, org.springframework.test.context.support.DependencyInjectionTestExecutionListener, org.springframework.test.context.support.DirtiesContextTestExecutionListener, org.springframework.test.context.transaction.TransactionalTestExecutionListener, org.springframework.test.context.jdbc.SqlScriptsTestExecutionListener]
2019-04-30 17:59:09.474  INFO   --- [main] .b.t.c.SpringBootTestContextBootstrapper : Using TestExecutionListeners: [org.springframework.test.context.support.DirtiesContextBeforeModesTestExecutionListener@235834f2, org.springframework.boot.test.mock.mockito.MockitoTestExecutionListener@5656be13, org.springframework.boot.test.autoconfigure.SpringBootDependencyInjectionTestExecutionListener@4218d6a3, org.springframework.test.context.support.DirtiesContextTestExecutionListener@76505305, org.springframework.test.context.transaction.TransactionalTestExecutionListener@14cd1699, org.springframework.test.context.jdbc.SqlScriptsTestExecutionListener@77888435, org.springframework.boot.test.mock.mockito.ResetMocksTestExecutionListener@73a1e9a9, org.springframework.boot.test.autoconfigure.restdocs.RestDocsTestExecutionListener@71d44a3, org.springframework.boot.test.autoconfigure.web.client.MockRestServiceServerResetTestExecutionListener@7b98f307, org.springframework.boot.test.autoconfigure.web.servlet.MockMvcPrintOnlyOnFailureTestExecutionListener@4802796d, org.springframework.boot.test.autoconfigure.web.servlet.WebDriverTestExecutionListener@34123d65]
2019-04-30 17:59:09.887  INFO 17296 --- [main] testSpiderMan                            : Starting testSpiderMan on dulaoc with PID 17296 (started by 86156 in C:\Users\86156\Desktop\SinaSpider)
2019-04-30 17:59:09.888  INFO 17296 --- [main] testSpiderMan                            : No active profile set, falling back to default profiles: default
2019-04-30 17:59:11.269  INFO 17296 --- [main] testSpiderMan                            : Started testSpiderMan in 1.709 seconds (JVM running for 2.745)
2019-04-30 17:59:11.995  INFO 17296 --- [main] us.codecraft.webmagic.Spider             : Spider news.sina.com.cn started!
2019-04-30 17:59:12.408  INFO 17296 --- [pool-2-thread-1] u.c.w.downloader.HttpClientDownloader    : downloading page success https://news.sina.com.cn/roll/#pageid=153&lid=2509&k=&num=50&page=1
2019-04-30 17:59:12.546  INFO 17296 --- [main] us.codecraft.webmagic.Spider             : Spider news.sina.com.cn closed! 1 pages downloaded.
2019-04-30 17:59:59.139  INFO   --- [main] .b.t.c.SpringBootTestContextBootstrapper : Neither @ContextConfiguration nor @ContextHierarchy found for test class [testSpiderMan], using SpringBootContextLoader
2019-04-30 17:59:59.168  INFO   --- [main] o.s.t.c.support.AbstractContextLoader    : Could not detect default resource locations for test class [testSpiderMan]: no resource found for suffixes {-context.xml, Context.groovy}.
2019-04-30 17:59:59.449  INFO   --- [main] .b.t.c.SpringBootTestContextBootstrapper : Loaded default TestExecutionListener class names from location [META-INF/spring.factories]: [org.springframework.boot.test.mock.mockito.MockitoTestExecutionListener, org.springframework.boot.test.mock.mockito.ResetMocksTestExecutionListener, org.springframework.boot.test.autoconfigure.restdocs.RestDocsTestExecutionListener, org.springframework.boot.test.autoconfigure.web.client.MockRestServiceServerResetTestExecutionListener, org.springframework.boot.test.autoconfigure.web.servlet.MockMvcPrintOnlyOnFailureTestExecutionListener, org.springframework.boot.test.autoconfigure.web.servlet.WebDriverTestExecutionListener, org.springframework.test.context.web.ServletTestExecutionListener, org.springframework.test.context.support.DirtiesContextBeforeModesTestExecutionListener, org.springframework.test.context.support.DependencyInjectionTestExecutionListener, org.springframework.test.context.support.DirtiesContextTestExecutionListener, org.springframework.test.context.transaction.TransactionalTestExecutionListener, org.springframework.test.context.jdbc.SqlScriptsTestExecutionListener]
2019-04-30 17:59:59.477  INFO   --- [main] .b.t.c.SpringBootTestContextBootstrapper : Using TestExecutionListeners: [org.springframework.test.context.support.DirtiesContextBeforeModesTestExecutionListener@235834f2, org.springframework.boot.test.mock.mockito.MockitoTestExecutionListener@5656be13, org.springframework.boot.test.autoconfigure.SpringBootDependencyInjectionTestExecutionListener@4218d6a3, org.springframework.test.context.support.DirtiesContextTestExecutionListener@76505305, org.springframework.test.context.transaction.TransactionalTestExecutionListener@14cd1699, org.springframework.test.context.jdbc.SqlScriptsTestExecutionListener@77888435, org.springframework.boot.test.mock.mockito.ResetMocksTestExecutionListener@73a1e9a9, org.springframework.boot.test.autoconfigure.restdocs.RestDocsTestExecutionListener@71d44a3, org.springframework.boot.test.autoconfigure.web.client.MockRestServiceServerResetTestExecutionListener@7b98f307, org.springframework.boot.test.autoconfigure.web.servlet.MockMvcPrintOnlyOnFailureTestExecutionListener@4802796d, org.springframework.boot.test.autoconfigure.web.servlet.WebDriverTestExecutionListener@34123d65]
2019-04-30 18:00:00.565  INFO 17340 --- [main] testSpiderMan                            : Starting testSpiderMan on dulaoc with PID 17340 (started by 86156 in C:\Users\86156\Desktop\SinaSpider)
2019-04-30 18:00:00.566  INFO 17340 --- [main] testSpiderMan                            : No active profile set, falling back to default profiles: default
2019-04-30 18:00:02.463  INFO 17340 --- [main] testSpiderMan                            : Started testSpiderMan in 2.799 seconds (JVM running for 4.446)
2019-04-30 18:00:03.784  INFO 17340 --- [main] us.codecraft.webmagic.Spider             : Spider finance.sina.com.cn started!
2019-04-30 18:00:04.511  INFO 17340 --- [pool-2-thread-1] u.c.w.downloader.HttpClientDownloader    : downloading page success https://finance.sina.com.cn/stock/s/2019-04-30/doc-ihvhiqax5987819.shtml
2019-04-30 18:00:04.664  INFO 17340 --- [pool-2-thread-1] com.zaxxer.hikari.HikariDataSource       : HikariPool-1 - Starting...
2019-04-30 18:00:04.971  INFO 17340 --- [pool-2-thread-1] com.zaxxer.hikari.HikariDataSource       : HikariPool-1 - Start completed.
2019-04-30 18:00:35.163  INFO 17340 --- [main] us.codecraft.webmagic.Spider             : Spider finance.sina.com.cn closed! 1 pages downloaded.
2019-04-30 18:00:35.169  INFO 17340 --- [Thread-2] com.zaxxer.hikari.HikariDataSource       : HikariPool-1 - Shutdown initiated...
2019-04-30 18:00:35.177  INFO 17340 --- [Thread-2] com.zaxxer.hikari.HikariDataSource       : HikariPool-1 - Shutdown completed.
2019-04-30 18:01:38.491  INFO   --- [main] .b.t.c.SpringBootTestContextBootstrapper : Neither @ContextConfiguration nor @ContextHierarchy found for test class [testSpiderMan], using SpringBootContextLoader
2019-04-30 18:01:38.498  INFO   --- [main] o.s.t.c.support.AbstractContextLoader    : Could not detect default resource locations for test class [testSpiderMan]: no resource found for suffixes {-context.xml, Context.groovy}.
2019-04-30 18:01:38.729  INFO   --- [main] .b.t.c.SpringBootTestContextBootstrapper : Loaded default TestExecutionListener class names from location [META-INF/spring.factories]: [org.springframework.boot.test.mock.mockito.MockitoTestExecutionListener, org.springframework.boot.test.mock.mockito.ResetMocksTestExecutionListener, org.springframework.boot.test.autoconfigure.restdocs.RestDocsTestExecutionListener, org.springframework.boot.test.autoconfigure.web.client.MockRestServiceServerResetTestExecutionListener, org.springframework.boot.test.autoconfigure.web.servlet.MockMvcPrintOnlyOnFailureTestExecutionListener, org.springframework.boot.test.autoconfigure.web.servlet.WebDriverTestExecutionListener, org.springframework.test.context.web.ServletTestExecutionListener, org.springframework.test.context.support.DirtiesContextBeforeModesTestExecutionListener, org.springframework.test.context.support.DependencyInjectionTestExecutionListener, org.springframework.test.context.support.DirtiesContextTestExecutionListener, org.springframework.test.context.transaction.TransactionalTestExecutionListener, org.springframework.test.context.jdbc.SqlScriptsTestExecutionListener]
2019-04-30 18:01:38.747  INFO   --- [main] .b.t.c.SpringBootTestContextBootstrapper : Using TestExecutionListeners: [org.springframework.test.context.support.DirtiesContextBeforeModesTestExecutionListener@235834f2, org.springframework.boot.test.mock.mockito.MockitoTestExecutionListener@5656be13, org.springframework.boot.test.autoconfigure.SpringBootDependencyInjectionTestExecutionListener@4218d6a3, org.springframework.test.context.support.DirtiesContextTestExecutionListener@76505305, org.springframework.test.context.transaction.TransactionalTestExecutionListener@14cd1699, org.springframework.test.context.jdbc.SqlScriptsTestExecutionListener@77888435, org.springframework.boot.test.mock.mockito.ResetMocksTestExecutionListener@73a1e9a9, org.springframework.boot.test.autoconfigure.restdocs.RestDocsTestExecutionListener@71d44a3, org.springframework.boot.test.autoconfigure.web.client.MockRestServiceServerResetTestExecutionListener@7b98f307, org.springframework.boot.test.autoconfigure.web.servlet.MockMvcPrintOnlyOnFailureTestExecutionListener@4802796d, org.springframework.boot.test.autoconfigure.web.servlet.WebDriverTestExecutionListener@34123d65]
2019-04-30 18:01:39.205  INFO 10860 --- [main] testSpiderMan                            : Starting testSpiderMan on dulaoc with PID 10860 (started by 86156 in C:\Users\86156\Desktop\SinaSpider)
2019-04-30 18:01:39.206  INFO 10860 --- [main] testSpiderMan                            : No active profile set, falling back to default profiles: default
2019-04-30 18:01:40.413  INFO 10860 --- [main] testSpiderMan                            : Started testSpiderMan in 1.606 seconds (JVM running for 2.611)
2019-04-30 18:01:41.167  INFO 10860 --- [main] us.codecraft.webmagic.Spider             : Spider finance.sina.com.cn started!
2019-04-30 18:01:41.608  INFO 10860 --- [pool-2-thread-1] u.c.w.downloader.HttpClientDownloader    : downloading page success https://finance.sina.com.cn/money/fund/jjdt/2019-04-30/doc-ihvhiqax5987388.shtml
2019-04-30 18:01:41.662  INFO 10860 --- [pool-2-thread-1] com.zaxxer.hikari.HikariDataSource       : HikariPool-1 - Starting...
2019-04-30 18:01:41.794  INFO 10860 --- [pool-2-thread-1] com.zaxxer.hikari.HikariDataSource       : HikariPool-1 - Start completed.
2019-04-30 18:01:41.942  INFO 10860 --- [main] us.codecraft.webmagic.Spider             : Spider finance.sina.com.cn closed! 1 pages downloaded.
2019-04-30 18:01:41.947  INFO 10860 --- [Thread-2] com.zaxxer.hikari.HikariDataSource       : HikariPool-1 - Shutdown initiated...
2019-04-30 18:01:41.950  INFO 10860 --- [Thread-2] com.zaxxer.hikari.HikariDataSource       : HikariPool-1 - Shutdown completed.
2019-04-30 19:13:10.038  INFO   --- [main] .b.t.c.SpringBootTestContextBootstrapper : Neither @ContextConfiguration nor @ContextHierarchy found for test class [testSpiderMan], using SpringBootContextLoader
2019-04-30 19:13:10.053  INFO   --- [main] o.s.t.c.support.AbstractContextLoader    : Could not detect default resource locations for test class [testSpiderMan]: no resource found for suffixes {-context.xml, Context.groovy}.
2019-04-30 19:13:10.480  INFO   --- [main] .b.t.c.SpringBootTestContextBootstrapper : Loaded default TestExecutionListener class names from location [META-INF/spring.factories]: [org.springframework.boot.test.mock.mockito.MockitoTestExecutionListener, org.springframework.boot.test.mock.mockito.ResetMocksTestExecutionListener, org.springframework.boot.test.autoconfigure.restdocs.RestDocsTestExecutionListener, org.springframework.boot.test.autoconfigure.web.client.MockRestServiceServerResetTestExecutionListener, org.springframework.boot.test.autoconfigure.web.servlet.MockMvcPrintOnlyOnFailureTestExecutionListener, org.springframework.boot.test.autoconfigure.web.servlet.WebDriverTestExecutionListener, org.springframework.test.context.web.ServletTestExecutionListener, org.springframework.test.context.support.DirtiesContextBeforeModesTestExecutionListener, org.springframework.test.context.support.DependencyInjectionTestExecutionListener, org.springframework.test.context.support.DirtiesContextTestExecutionListener, org.springframework.test.context.transaction.TransactionalTestExecutionListener, org.springframework.test.context.jdbc.SqlScriptsTestExecutionListener]
2019-04-30 19:13:10.527  INFO   --- [main] .b.t.c.SpringBootTestContextBootstrapper : Using TestExecutionListeners: [org.springframework.test.context.support.DirtiesContextBeforeModesTestExecutionListener@235834f2, org.springframework.boot.test.mock.mockito.MockitoTestExecutionListener@5656be13, org.springframework.boot.test.autoconfigure.SpringBootDependencyInjectionTestExecutionListener@4218d6a3, org.springframework.test.context.support.DirtiesContextTestExecutionListener@76505305, org.springframework.test.context.transaction.TransactionalTestExecutionListener@14cd1699, org.springframework.test.context.jdbc.SqlScriptsTestExecutionListener@77888435, org.springframework.boot.test.mock.mockito.ResetMocksTestExecutionListener@73a1e9a9, org.springframework.boot.test.autoconfigure.restdocs.RestDocsTestExecutionListener@71d44a3, org.springframework.boot.test.autoconfigure.web.client.MockRestServiceServerResetTestExecutionListener@7b98f307, org.springframework.boot.test.autoconfigure.web.servlet.MockMvcPrintOnlyOnFailureTestExecutionListener@4802796d, org.springframework.boot.test.autoconfigure.web.servlet.WebDriverTestExecutionListener@34123d65]
2019-04-30 19:13:10.960  INFO 12044 --- [main] testSpiderMan                            : Starting testSpiderMan on dulaoc with PID 12044 (started by 86156 in C:\Users\86156\Desktop\SinaSpider)
2019-04-30 19:13:10.960  INFO 12044 --- [main] testSpiderMan                            : No active profile set, falling back to default profiles: default
2019-04-30 19:13:12.007  INFO 12044 --- [main] testSpiderMan                            : Started testSpiderMan in 1.39 seconds (JVM running for 2.945)
2019-04-30 19:13:12.876  INFO 12044 --- [main] us.codecraft.webmagic.Spider             : Spider finance.sina.com.cn started!
2019-04-30 19:13:13.305  INFO 12044 --- [pool-2-thread-1] u.c.w.downloader.HttpClientDownloader    : downloading page success https://finance.sina.com.cn/money/fund/jjdt/2019-04-30/doc-ihvhiqax5987388.shtml
2019-04-30 19:13:13.367  INFO 12044 --- [pool-2-thread-1] com.zaxxer.hikari.HikariDataSource       : HikariPool-1 - Starting...
2019-04-30 19:13:13.570  INFO 12044 --- [pool-2-thread-1] com.zaxxer.hikari.HikariDataSource       : HikariPool-1 - Start completed.
2019-04-30 19:13:13.727  INFO 12044 --- [main] us.codecraft.webmagic.Spider             : Spider finance.sina.com.cn closed! 1 pages downloaded.
2019-04-30 19:13:13.742  INFO 12044 --- [Thread-2] com.zaxxer.hikari.HikariDataSource       : HikariPool-1 - Shutdown initiated...
2019-04-30 19:13:13.758  INFO 12044 --- [Thread-2] com.zaxxer.hikari.HikariDataSource       : HikariPool-1 - Shutdown completed.
2019-04-30 21:32:10.386  INFO   --- [main] .b.t.c.SpringBootTestContextBootstrapper : Neither @ContextConfiguration nor @ContextHierarchy found for test class [testSpiderMan], using SpringBootContextLoader
2019-04-30 21:32:10.404  INFO   --- [main] o.s.t.c.support.AbstractContextLoader    : Could not detect default resource locations for test class [testSpiderMan]: no resource found for suffixes {-context.xml, Context.groovy}.
2019-04-30 21:32:10.673  INFO   --- [main] .b.t.c.SpringBootTestContextBootstrapper : Loaded default TestExecutionListener class names from location [META-INF/spring.factories]: [org.springframework.boot.test.mock.mockito.MockitoTestExecutionListener, org.springframework.boot.test.mock.mockito.ResetMocksTestExecutionListener, org.springframework.boot.test.autoconfigure.restdocs.RestDocsTestExecutionListener, org.springframework.boot.test.autoconfigure.web.client.MockRestServiceServerResetTestExecutionListener, org.springframework.boot.test.autoconfigure.web.servlet.MockMvcPrintOnlyOnFailureTestExecutionListener, org.springframework.boot.test.autoconfigure.web.servlet.WebDriverTestExecutionListener, org.springframework.test.context.web.ServletTestExecutionListener, org.springframework.test.context.support.DirtiesContextBeforeModesTestExecutionListener, org.springframework.test.context.support.DependencyInjectionTestExecutionListener, org.springframework.test.context.support.DirtiesContextTestExecutionListener, org.springframework.test.context.transaction.TransactionalTestExecutionListener, org.springframework.test.context.jdbc.SqlScriptsTestExecutionListener]
2019-04-30 21:32:10.699  INFO   --- [main] .b.t.c.SpringBootTestContextBootstrapper : Using TestExecutionListeners: [org.springframework.test.context.support.DirtiesContextBeforeModesTestExecutionListener@235834f2, org.springframework.boot.test.mock.mockito.MockitoTestExecutionListener@5656be13, org.springframework.boot.test.autoconfigure.SpringBootDependencyInjectionTestExecutionListener@4218d6a3, org.springframework.test.context.support.DirtiesContextTestExecutionListener@76505305, org.springframework.test.context.transaction.TransactionalTestExecutionListener@14cd1699, org.springframework.test.context.jdbc.SqlScriptsTestExecutionListener@77888435, org.springframework.boot.test.mock.mockito.ResetMocksTestExecutionListener@73a1e9a9, org.springframework.boot.test.autoconfigure.restdocs.RestDocsTestExecutionListener@71d44a3, org.springframework.boot.test.autoconfigure.web.client.MockRestServiceServerResetTestExecutionListener@7b98f307, org.springframework.boot.test.autoconfigure.web.servlet.MockMvcPrintOnlyOnFailureTestExecutionListener@4802796d, org.springframework.boot.test.autoconfigure.web.servlet.WebDriverTestExecutionListener@34123d65]
2019-04-30 21:32:11.156  INFO 16168 --- [main] testSpiderMan                            : Starting testSpiderMan on dulaoc with PID 16168 (started by 86156 in C:\Users\86156\Desktop\SinaSpider)
2019-04-30 21:32:11.157  INFO 16168 --- [main] testSpiderMan                            : No active profile set, falling back to default profiles: default
2019-04-30 21:32:12.420  INFO 16168 --- [main] testSpiderMan                            : Started testSpiderMan in 1.633 seconds (JVM running for 3.758)
2019-04-30 21:32:13.493  INFO 16168 --- [main] us.codecraft.webmagic.Spider             : Spider feed.mix.sina.com.cn started!
2019-04-30 21:32:13.973  INFO 16168 --- [pool-2-thread-4] u.c.w.downloader.HttpClientDownloader    : downloading page success https://feed.mix.sina.com.cn/api/roll/get?pageid=153&lid=2509&k=&num=50&page=4&r=0.05788510884168385&callback=jQuery1112048951531526572656_1556626211539&_=1556626211540
2019-04-30 21:32:13.973  INFO 16168 --- [pool-2-thread-3] u.c.w.downloader.HttpClientDownloader    : downloading page success https://feed.mix.sina.com.cn/api/roll/get?pageid=153&lid=2509&k=&num=50&page=3&r=0.05788510884168385&callback=jQuery1112048951531526572656_1556626211539&_=1556626211540
2019-04-30 21:32:13.973  INFO 16168 --- [pool-2-thread-2] u.c.w.downloader.HttpClientDownloader    : downloading page success https://feed.mix.sina.com.cn/api/roll/get?pageid=153&lid=2509&k=&num=50&page=2&r=0.05788510884168385&callback=jQuery1112048951531526572656_1556626211539&_=1556626211540
2019-04-30 21:32:13.973  INFO 16168 --- [pool-2-thread-1] u.c.w.downloader.HttpClientDownloader    : downloading page success https://feed.mix.sina.com.cn/api/roll/get?pageid=153&lid=2509&k=&num=50&page=1&r=0.05788510884168385&callback=jQuery1112048951531526572656_1556626211539&_=1556626211540
2019-04-30 21:32:14.615  INFO 16168 --- [pool-2-thread-2] u.c.w.downloader.HttpClientDownloader    : downloading page success https://finance.sina.com.cn/stock/s/2019-04-30/doc-ihvhiewr9217557.shtml
2019-04-30 21:32:14.615  INFO 16168 --- [pool-2-thread-1] u.c.w.downloader.HttpClientDownloader    : downloading page success https://news.sina.com.cn/c/2019-04-30/doc-ihvhiqax6027414.shtml
2019-04-30 21:32:14.614  INFO 16168 --- [pool-2-thread-3] u.c.w.downloader.HttpClientDownloader    : downloading page success https://finance.sina.com.cn/money/bank/bank_hydt/2019-04-30/doc-ihvhiewr9217534.shtml
2019-04-30 21:32:14.620  INFO 16168 --- [pool-2-thread-4] u.c.w.downloader.HttpClientDownloader    : downloading page success https://finance.sina.com.cn/stock/kechuangban/2019-04-30/doc-ihvhiewr9217814.shtml
2019-04-30 21:32:14.641  INFO 16168 --- [pool-2-thread-5] u.c.w.downloader.HttpClientDownloader    : downloading page success https://finance.sina.com.cn/stock/usstock/c/2019-04-30/doc-ihvhiewr9218568.shtml
2019-04-30 21:32:14.754  INFO 16168 --- [pool-2-thread-4] com.zaxxer.hikari.HikariDataSource       : HikariPool-1 - Starting...
2019-04-30 21:32:15.018  INFO 16168 --- [pool-2-thread-4] com.zaxxer.hikari.HikariDataSource       : HikariPool-1 - Start completed.
2019-04-30 21:32:15.263  INFO 16168 --- [pool-2-thread-1] u.c.w.downloader.HttpClientDownloader    : downloading page success https://news.sina.com.cn/w/2019-04-30/doc-ihvhiewr9216889.shtml
2019-04-30 21:32:15.275  INFO 16168 --- [pool-2-thread-2] u.c.w.downloader.HttpClientDownloader    : downloading page success https://finance.sina.com.cn/stock/s/2019-04-30/doc-ihvhiewr9216567.shtml
2019-04-30 21:32:15.298  INFO 16168 --- [pool-2-thread-3] u.c.w.downloader.HttpClientDownloader    : downloading page success https://finance.sina.com.cn/stock/kechuangban/2019-04-30/doc-ihvhiewr9216876.shtml
2019-04-30 21:32:15.305  INFO 16168 --- [pool-2-thread-4] u.c.w.downloader.HttpClientDownloader    : downloading page success https://finance.sina.com.cn/stock/kechuangban/qydt/2019-04-30/doc-ihvhiewr9216826.shtml
2019-04-30 21:32:15.321  INFO 16168 --- [pool-2-thread-5] u.c.w.downloader.HttpClientDownloader    : downloading page success https://news.sina.com.cn/w/2019-04-30/doc-ihvhiqax6025798.shtml
2019-04-30 21:32:15.435  INFO 16168 --- [pool-2-thread-2] u.c.w.downloader.HttpClientDownloader    : downloading page success https://finance.sina.com.cn/money/insurance/bxyx/2019-04-30/doc-ihvhiqax6025502.shtml
2019-04-30 21:32:15.436  INFO 16168 --- [pool-2-thread-1] u.c.w.downloader.HttpClientDownloader    : downloading page success https://finance.sina.com.cn/stock/s/2019-04-30/doc-ihvhiqax6025763.shtml
2019-04-30 21:32:15.457  INFO 16168 --- [pool-2-thread-3] u.c.w.downloader.HttpClientDownloader    : downloading page success https://finance.sina.com.cn/china/2019-04-30/doc-ihvhiqax6025315.shtml
2019-04-30 21:32:15.494  INFO 16168 --- [pool-2-thread-4] u.c.w.downloader.HttpClientDownloader    : downloading page success https://finance.sina.com.cn/stock/s/2019-04-30/doc-ihvhiqax6025283.shtml
2019-04-30 21:32:15.510  INFO 16168 --- [pool-2-thread-5] u.c.w.downloader.HttpClientDownloader    : downloading page success https://finance.sina.com.cn/stock/kechuangban/zcfx/2019-04-30/doc-ihvhiqax6024999.shtml
2019-04-30 21:32:15.596  INFO 16168 --- [pool-2-thread-2] u.c.w.downloader.HttpClientDownloader    : downloading page success https://finance.sina.com.cn/chanjing/gsnews/2019-04-30/doc-ihvhiqax6024839.shtml
2019-04-30 21:32:15.596  INFO 16168 --- [pool-2-thread-1] u.c.w.downloader.HttpClientDownloader    : downloading page success https://finance.sina.com.cn/stock/usstock/c/2019-04-30/doc-ihvhiewr9214461.shtml
2019-04-30 21:32:15.597  INFO 16168 --- [pool-2-thread-3] u.c.w.downloader.HttpClientDownloader    : downloading page success https://finance.sina.com.cn/stock/usstock/c/2019-04-30/doc-ihvhiqax6023616.shtml
2019-04-30 21:32:15.661  INFO 16168 --- [pool-2-thread-4] u.c.w.downloader.HttpClientDownloader    : downloading page success https://finance.sina.com.cn/stock/usstock/clues/hg/2019-04-30/doc-ihvhiewr9125261.shtml
2019-04-30 21:32:15.663  INFO 16168 --- [pool-2-thread-5] u.c.w.downloader.HttpClientDownloader    : downloading page success https://finance.sina.com.cn/roll/2019-04-30/doc-ihvhiewr9199437.shtml
2019-04-30 21:32:15.741  INFO 16168 --- [pool-2-thread-1] u.c.w.downloader.HttpClientDownloader    : downloading page success https://finance.sina.com.cn/roll/2019-04-30/doc-ihvhiqax6008597.shtml
2019-04-30 21:32:15.759  INFO 16168 --- [pool-2-thread-2] u.c.w.downloader.HttpClientDownloader    : downloading page success https://finance.sina.com.cn/roll/2019-04-30/doc-ihvhiqax6008602.shtml
2019-04-30 21:32:15.760  INFO 16168 --- [pool-2-thread-3] u.c.w.downloader.HttpClientDownloader    : downloading page success https://finance.sina.com.cn/china/2019-04-30/doc-ihvhiewr9198635.shtml
2019-04-30 21:32:15.829  INFO 16168 --- [pool-2-thread-5] u.c.w.downloader.HttpClientDownloader    : downloading page success https://finance.sina.com.cn/roll/2019-04-30/doc-ihvhiqax6010309.shtml
2019-04-30 21:32:15.829  INFO 16168 --- [pool-2-thread-4] u.c.w.downloader.HttpClientDownloader    : downloading page success https://finance.sina.com.cn/stock/observe/2019-04-30/doc-ihvhiewr9198576.shtml
2019-04-30 21:32:15.906  INFO 16168 --- [pool-2-thread-2] u.c.w.downloader.HttpClientDownloader    : downloading page success https://finance.sina.com.cn/roll/2019-04-30/doc-ihvhiewr9198861.shtml
2019-04-30 21:32:15.914  INFO 16168 --- [pool-2-thread-1] u.c.w.downloader.HttpClientDownloader    : downloading page success https://news.sina.com.cn/w/2019-04-30/doc-ihvhiewr9199058.shtml
2019-04-30 21:32:15.946  INFO 16168 --- [pool-2-thread-3] u.c.w.downloader.HttpClientDownloader    : downloading page success https://news.sina.com.cn/s/2019-04-30/doc-ihvhiewr9197937.shtml
2019-04-30 21:32:15.970  INFO 16168 --- [pool-2-thread-4] u.c.w.downloader.HttpClientDownloader    : downloading page success https://finance.sina.com.cn/stock/s/2019-04-30/doc-ihvhiqax6007330.shtml
2019-04-30 21:32:15.973  INFO 16168 --- [pool-2-thread-5] u.c.w.downloader.HttpClientDownloader    : downloading page success https://news.sina.com.cn/s/2019-04-30/doc-ihvhiewr9198897.shtml
2019-04-30 21:32:16.078  INFO 16168 --- [pool-2-thread-1] u.c.w.downloader.HttpClientDownloader    : downloading page success https://finance.sina.com.cn/roll/2019-04-30/doc-ihvhiqax6013730.shtml
2019-04-30 21:32:16.090  INFO 16168 --- [pool-2-thread-3] u.c.w.downloader.HttpClientDownloader    : downloading page success https://news.sina.com.cn/w/2019-04-30/doc-ihvhiqax6007152.shtml
2019-04-30 21:32:16.090  INFO 16168 --- [pool-2-thread-2] u.c.w.downloader.HttpClientDownloader    : downloading page success https://news.sina.com.cn/w/2019-04-30/doc-ihvhiewr9201162.shtml
2019-04-30 21:32:16.139  INFO 16168 --- [pool-2-thread-4] u.c.w.downloader.HttpClientDownloader    : downloading page success https://finance.sina.com.cn/stock/usstock/c/2019-04-30/doc-ihvhiewr9197256.shtml
2019-04-30 21:32:16.139  INFO 16168 --- [pool-2-thread-5] u.c.w.downloader.HttpClientDownloader    : downloading page success https://news.sina.com.cn/c/2019-04-30/doc-ihvhiewr9201420.shtml
2019-04-30 21:32:16.224  INFO 16168 --- [pool-2-thread-1] u.c.w.downloader.HttpClientDownloader    : downloading page success https://finance.sina.com.cn/stock/relnews/hk/2019-04-30/doc-ihvhiqax6014535.shtml
2019-04-30 21:32:16.243  INFO 16168 --- [pool-2-thread-2] u.c.w.downloader.HttpClientDownloader    : downloading page success https://finance.sina.com.cn/stock/quanshang/qsyj/2019-04-30/doc-ihvhiqax6006554.shtml
2019-04-30 21:32:16.249  INFO 16168 --- [pool-2-thread-3] u.c.w.downloader.HttpClientDownloader    : downloading page success https://finance.sina.com.cn/roll/2019-04-30/doc-ihvhiqax6007918.shtml
2019-04-30 21:32:16.280  INFO 16168 --- [pool-2-thread-4] u.c.w.downloader.HttpClientDownloader    : downloading page success https://finance.sina.com.cn/roll/2019-04-30/doc-ihvhiqax6013838.shtml
2019-04-30 21:32:16.288  INFO 16168 --- [pool-2-thread-5] u.c.w.downloader.HttpClientDownloader    : downloading page success https://finance.sina.com.cn/money/bank/dsfzf/2019-04-30/doc-ihvhiqax6006404.shtml
2019-04-30 21:32:16.403  INFO 16168 --- [pool-2-thread-2] u.c.w.downloader.HttpClientDownloader    : downloading page success https://news.sina.com.cn/w/2019-04-30/doc-ihvhiewr9199484.shtml
2019-04-30 21:32:16.428  INFO 16168 --- [pool-2-thread-4] u.c.w.downloader.HttpClientDownloader    : downloading page success https://finance.sina.com.cn/roll/2019-04-30/doc-ihvhiewr9200400.shtml
2019-04-30 21:32:16.432  INFO 16168 --- [pool-2-thread-5] u.c.w.downloader.HttpClientDownloader    : downloading page success https://finance.sina.com.cn/roll/2019-04-30/doc-ihvhiqax6006393.shtml
2019-04-30 21:32:16.455  INFO 16168 --- [pool-2-thread-1] u.c.w.downloader.HttpClientDownloader    : downloading page success https://tech.sina.com.cn/i/2019-04-30/doc-ihvhiqax6007045.shtml
2019-04-30 21:32:16.574  INFO 16168 --- [pool-2-thread-4] u.c.w.downloader.HttpClientDownloader    : downloading page success https://finance.sina.com.cn/chanjing/gsnews/2019-04-30/doc-ihvhiqax6023595.shtml
2019-04-30 21:32:16.630  INFO 16168 --- [pool-2-thread-1] u.c.w.downloader.HttpClientDownloader    : downloading page success https://finance.sina.com.cn/chanjing/gsnews/2019-04-30/doc-ihvhiqax6023627.shtml
2019-04-30 21:32:16.661  INFO 16168 --- [pool-2-thread-3] u.c.w.downloader.HttpClientDownloader    : downloading page success https://news.sina.com.cn/c/2019-04-30/doc-ihvhiewr9196304.shtml
2019-04-30 21:32:16.684  INFO 16168 --- [pool-2-thread-2] u.c.w.downloader.HttpClientDownloader    : downloading page success https://finance.sina.com.cn/chanjing/gsnews/2019-04-30/doc-ihvhiewr9196404.shtml
2019-04-30 21:32:16.693  INFO 16168 --- [pool-2-thread-5] u.c.w.downloader.HttpClientDownloader    : downloading page success https://finance.sina.com.cn/chanjing/cyxw/2019-04-30/doc-ihvhiqax6023218.shtml
2019-04-30 21:32:16.715  INFO 16168 --- [pool-2-thread-4] u.c.w.downloader.HttpClientDownloader    : downloading page success https://finance.sina.com.cn/chanjing/gsnews/2019-04-30/doc-ihvhiqax6023650.shtml
2019-04-30 21:32:16.762  INFO 16168 --- [pool-2-thread-1] u.c.w.downloader.HttpClientDownloader    : downloading page success https://news.sina.com.cn/c/2019-04-30/doc-ihvhiqax6023135.shtml
2019-04-30 21:32:16.801  INFO 16168 --- [pool-2-thread-3] u.c.w.downloader.HttpClientDownloader    : downloading page success https://finance.sina.com.cn/chanjing/gsnews/2019-04-30/doc-ihvhiewr9214062.shtml
2019-04-30 21:32:16.826  INFO 16168 --- [pool-2-thread-2] u.c.w.downloader.HttpClientDownloader    : downloading page success https://news.sina.com.cn/s/2019-04-30/doc-ihvhiqax6024610.shtml
2019-04-30 21:32:16.854  INFO 16168 --- [pool-2-thread-4] u.c.w.downloader.HttpClientDownloader    : downloading page success https://finance.sina.com.cn/roll/2019-04-30/doc-ihvhiewr9215494.shtml
2019-04-30 21:32:16.856  INFO 16168 --- [pool-2-thread-5] u.c.w.downloader.HttpClientDownloader    : downloading page success https://news.sina.com.cn/c/2019-04-30/doc-ihvhiewr9212867.shtml
2019-04-30 21:32:16.900  INFO 16168 --- [pool-2-thread-1] u.c.w.downloader.HttpClientDownloader    : downloading page success https://finance.sina.com.cn/china/gncj/2019-04-30/doc-ihvhiewr9212264.shtml
2019-04-30 21:32:16.947  INFO 16168 --- [pool-2-thread-3] u.c.w.downloader.HttpClientDownloader    : downloading page success https://finance.sina.com.cn/stock/quanshang/qsyj/2019-04-30/doc-ihvhiqax6021639.shtml
2019-04-30 21:32:16.957  INFO 16168 --- [pool-2-thread-2] u.c.w.downloader.HttpClientDownloader    : downloading page success https://news.sina.com.cn/c/2019-04-30/doc-ihvhiqax6021402.shtml
2019-04-30 21:32:16.990  INFO 16168 --- [pool-2-thread-4] u.c.w.downloader.HttpClientDownloader    : downloading page success https://finance.sina.com.cn/chanjing/gsnews/2019-04-30/doc-ihvhiewr9211964.shtml
2019-04-30 21:32:16.999  INFO 16168 --- [pool-2-thread-5] u.c.w.downloader.HttpClientDownloader    : downloading page success https://finance.sina.com.cn/chanjing/gsnews/2019-04-30/doc-ihvhiewr9212066.shtml
2019-04-30 21:32:17.043  INFO 16168 --- [pool-2-thread-1] u.c.w.downloader.HttpClientDownloader    : downloading page success https://news.sina.com.cn/w/2019-04-30/doc-ihvhiewr9211391.shtml
2019-04-30 21:32:17.091  INFO 16168 --- [pool-2-thread-3] u.c.w.downloader.HttpClientDownloader    : downloading page success https://finance.sina.com.cn/china/gncj/2019-04-30/doc-ihvhiqax6021210.shtml
2019-04-30 21:32:17.096  INFO 16168 --- [pool-2-thread-2] u.c.w.downloader.HttpClientDownloader    : downloading page success https://finance.sina.com.cn/stock/s/2019-04-30/doc-ihvhiewr9211293.shtml
2019-04-30 21:32:17.131  INFO 16168 --- [pool-2-thread-4] u.c.w.downloader.HttpClientDownloader    : downloading page success https://news.sina.com.cn/s/2019-04-30/doc-ihvhiqax6020390.shtml
2019-04-30 21:32:17.146  INFO 16168 --- [pool-2-thread-5] u.c.w.downloader.HttpClientDownloader    : downloading page success https://finance.sina.com.cn/stock/hyyj/2019-04-30/doc-ihvhiqax6020276.shtml
2019-04-30 21:32:17.185  INFO 16168 --- [pool-2-thread-1] u.c.w.downloader.HttpClientDownloader    : downloading page success https://news.sina.com.cn/c/2019-04-30/doc-ihvhiqax6020173.shtml
2019-04-30 21:32:17.224  INFO 16168 --- [pool-2-thread-3] u.c.w.downloader.HttpClientDownloader    : downloading page success https://finance.sina.com.cn/roll/2019-04-30/doc-ihvhiewr9213520.shtml
2019-04-30 21:32:17.235  INFO 16168 --- [pool-2-thread-2] u.c.w.downloader.HttpClientDownloader    : downloading page success https://news.sina.com.cn/c/2019-04-30/doc-ihvhiqax6019857.shtml
2019-04-30 21:32:17.276  INFO 16168 --- [pool-2-thread-4] u.c.w.downloader.HttpClientDownloader    : downloading page success https://news.sina.com.cn/society/nxw/2019-04-30/doc-ihvhiqax6019104.shtml
2019-04-30 21:32:17.287  INFO 16168 --- [pool-2-thread-5] u.c.w.downloader.HttpClientDownloader    : downloading page success https://finance.sina.com.cn/stock/usstock/c/2019-04-30/doc-ihvhiqax6019802.shtml
2019-04-30 21:32:17.320  INFO 16168 --- [pool-2-thread-1] u.c.w.downloader.HttpClientDownloader    : downloading page success https://news.sina.com.cn/c/2019-04-30/doc-ihvhiewr9195658.shtml
2019-04-30 21:32:17.468  INFO 16168 --- [pool-2-thread-4] u.c.w.downloader.HttpClientDownloader    : downloading page success https://news.sina.com.cn/c/2019-04-30/doc-ihvhiewr9195266.shtml
2019-04-30 21:32:17.469  INFO 16168 --- [pool-2-thread-5] u.c.w.downloader.HttpClientDownloader    : downloading page success https://news.sina.com.cn/o/2019-04-30/doc-ihvhiqax6009318.shtml
2019-04-30 21:32:17.470  INFO 16168 --- [pool-2-thread-1] u.c.w.downloader.HttpClientDownloader    : downloading page success https://finance.sina.com.cn/roll/2019-04-30/doc-ihvhiewr9195562.shtml
2019-04-30 21:32:17.475  INFO 16168 --- [pool-2-thread-3] u.c.w.downloader.HttpClientDownloader    : downloading page success https://finance.sina.com.cn/roll/2019-04-30/doc-ihvhiewr9197303.shtml
2019-04-30 21:32:17.493  INFO 16168 --- [pool-2-thread-2] u.c.w.downloader.HttpClientDownloader    : downloading page success https://news.sina.com.cn/w/2019-04-30/doc-ihvhiewr9195060.shtml
2019-04-30 21:32:17.604  INFO 16168 --- [pool-2-thread-4] u.c.w.downloader.HttpClientDownloader    : downloading page success https://finance.sina.com.cn/chanjing/gsnews/2019-04-30/doc-ihvhiqax6019730.shtml
2019-04-30 21:32:17.619  INFO 16168 --- [pool-2-thread-3] u.c.w.downloader.HttpClientDownloader    : downloading page success https://news.sina.com.cn/w/2019-04-30/doc-ihvhiewr9194903.shtml
2019-04-30 21:32:17.645  INFO 16168 --- [pool-2-thread-5] u.c.w.downloader.HttpClientDownloader    : downloading page success https://finance.sina.com.cn/stock/s/2019-04-30/doc-ihvhiqax6004436.shtml
2019-04-30 21:32:17.661  INFO 16168 --- [pool-2-thread-1] u.c.w.downloader.HttpClientDownloader    : downloading page success https://finance.sina.com.cn/stock/s/2019-04-30/doc-ihvhiqax6004390.shtml
2019-04-30 21:32:17.682  INFO 16168 --- [pool-2-thread-2] u.c.w.downloader.HttpClientDownloader    : downloading page success https://finance.sina.com.cn/chanjing/gsnews/2019-04-30/doc-ihvhiqax6004367.shtml
2019-04-30 21:32:17.746  INFO 16168 --- [pool-2-thread-4] u.c.w.downloader.HttpClientDownloader    : downloading page success https://news.sina.com.cn/c/2019-04-30/doc-ihvhiqax6004270.shtml
2019-04-30 21:32:17.760  INFO 16168 --- [pool-2-thread-3] u.c.w.downloader.HttpClientDownloader    : downloading page success https://finance.sina.com.cn/chanjing/gsnews/2019-04-30/doc-ihvhiqax6004343.shtml
2019-04-30 21:32:17.779  INFO 16168 --- [pool-2-thread-5] u.c.w.downloader.HttpClientDownloader    : downloading page success https://finance.sina.com.cn/chanjing/gsnews/2019-04-30/doc-ihvhiqax6019586.shtml
2019-04-30 21:32:17.786  INFO 16168 --- [pool-2-thread-1] u.c.w.downloader.HttpClientDownloader    : downloading page success https://news.sina.com.cn/c/2019-04-30/doc-ihvhiewr9210133.shtml
2019-04-30 21:32:17.838  INFO 16168 --- [pool-2-thread-2] u.c.w.downloader.HttpClientDownloader    : downloading page success https://news.sina.com.cn/c/2019-04-30/doc-ihvhiewr9209834.shtml
2019-04-30 21:32:17.875  INFO 16168 --- [pool-2-thread-4] u.c.w.downloader.HttpClientDownloader    : downloading page success https://news.sina.com.cn/c/2019-04-30/doc-ihvhiewr9209646.shtml
2019-04-30 21:32:17.901  INFO 16168 --- [pool-2-thread-3] u.c.w.downloader.HttpClientDownloader    : downloading page success https://finance.sina.com.cn/chanjing/gsnews/2019-04-30/doc-ihvhiewr9194882.shtml
2019-04-30 21:32:17.914  INFO 16168 --- [pool-2-thread-5] u.c.w.downloader.HttpClientDownloader    : downloading page success https://finance.sina.com.cn/china/gncj/2019-04-30/doc-ihvhiqax6018967.shtml
2019-04-30 21:32:17.926  INFO 16168 --- [pool-2-thread-1] u.c.w.downloader.HttpClientDownloader    : downloading page success https://finance.sina.com.cn/stock/hkstock/ggscyd/2019-04-30/doc-ihvhiqax6003715.shtml
2019-04-30 21:32:17.974  INFO 16168 --- [pool-2-thread-2] u.c.w.downloader.HttpClientDownloader    : downloading page success https://finance.sina.com.cn/chanjing/cyxw/2019-04-30/doc-ihvhiewr9209557.shtml
2019-04-30 21:32:18.015  INFO 16168 --- [pool-2-thread-4] u.c.w.downloader.HttpClientDownloader    : downloading page success https://finance.sina.com.cn/stock/observe/2019-04-30/doc-ihvhiewr9208903.shtml
2019-04-30 21:32:18.051  INFO 16168 --- [pool-2-thread-3] u.c.w.downloader.HttpClientDownloader    : downloading page success https://finance.sina.com.cn/stock/usstock/c/2019-04-30/doc-ihvhiqax6018159.shtml
2019-04-30 21:32:18.051  INFO 16168 --- [pool-2-thread-5] u.c.w.downloader.HttpClientDownloader    : downloading page success https://finance.sina.com.cn/stock/kechuangban/2019-04-30/doc-ihvhiqax6017966.shtml
2019-04-30 21:32:18.075  INFO 16168 --- [pool-2-thread-1] u.c.w.downloader.HttpClientDownloader    : downloading page success https://finance.sina.com.cn/roll/2019-04-30/doc-ihvhiqax6018151.shtml
2019-04-30 21:32:18.106  INFO 16168 --- [pool-2-thread-2] u.c.w.downloader.HttpClientDownloader    : downloading page success https://finance.sina.com.cn/roll/2019-04-30/doc-ihvhiqax6017653.shtml
2019-04-30 21:32:18.161  INFO 16168 --- [pool-2-thread-4] u.c.w.downloader.HttpClientDownloader    : downloading page success https://news.sina.com.cn/w/2019-04-30/doc-ihvhiewr9207910.shtml
2019-04-30 21:32:18.184  INFO 16168 --- [pool-2-thread-3] u.c.w.downloader.HttpClientDownloader    : downloading page success https://finance.sina.com.cn/stock/usstock/c/2019-04-30/doc-ihvhiqax6016754.shtml
2019-04-30 21:32:18.204  INFO 16168 --- [pool-2-thread-5] u.c.w.downloader.HttpClientDownloader    : downloading page success https://news.sina.com.cn/w/2019-04-30/doc-ihvhiewr9208873.shtml
2019-04-30 21:32:18.212  INFO 16168 --- [pool-2-thread-1] u.c.w.downloader.HttpClientDownloader    : downloading page success https://news.sina.com.cn/s/2019-04-30/doc-ihvhiewr9207258.shtml
2019-04-30 21:32:18.245  INFO 16168 --- [pool-2-thread-2] u.c.w.downloader.HttpClientDownloader    : downloading page success https://finance.sina.com.cn/money/bank/dsfzf/2019-04-30/doc-ihvhiqax6019397.shtml
2019-04-30 21:32:18.288  INFO 16168 --- [pool-2-thread-4] u.c.w.downloader.HttpClientDownloader    : downloading page success https://finance.sina.com.cn/china/2019-04-30/doc-ihvhiqax6016564.shtml
2019-04-30 21:32:18.350  INFO 16168 --- [pool-2-thread-3] u.c.w.downloader.HttpClientDownloader    : downloading page success https://news.sina.com.cn/o/2019-04-30/doc-ihvhiqax6017081.shtml
2019-04-30 21:32:18.357  INFO 16168 --- [pool-2-thread-5] u.c.w.downloader.HttpClientDownloader    : downloading page success https://finance.sina.com.cn/stock/s/2019-04-30/doc-ihvhiewr9206831.shtml
2019-04-30 21:32:18.373  INFO 16168 --- [pool-2-thread-1] u.c.w.downloader.HttpClientDownloader    : downloading page success https://finance.sina.com.cn/china/gncj/2019-04-30/doc-ihvhiewr9206760.shtml
2019-04-30 21:32:18.379  INFO 16168 --- [pool-2-thread-2] u.c.w.downloader.HttpClientDownloader    : downloading page success https://finance.sina.com.cn/roll/2019-04-30/doc-ihvhiewr9207582.shtml
2019-04-30 21:32:18.443  INFO 16168 --- [pool-2-thread-4] u.c.w.downloader.HttpClientDownloader    : downloading page success https://finance.sina.com.cn/stock/s/2019-04-30/doc-ihvhiewr9206574.shtml
2019-04-30 21:32:18.500  INFO 16168 --- [pool-2-thread-5] u.c.w.downloader.HttpClientDownloader    : downloading page success https://finance.sina.com.cn/roll/2019-04-30/doc-ihvhiqax6016545.shtml
2019-04-30 21:32:18.510  INFO 16168 --- [pool-2-thread-3] u.c.w.downloader.HttpClientDownloader    : downloading page success https://tech.sina.com.cn/it/2019-04-30/doc-ihvhiqax6016026.shtml
2019-04-30 21:32:18.517  INFO 16168 --- [pool-2-thread-2] u.c.w.downloader.HttpClientDownloader    : downloading page success https://news.sina.com.cn/s/2019-04-30/doc-ihvhiqax6015876.shtml
2019-04-30 21:32:18.518  INFO 16168 --- [pool-2-thread-1] u.c.w.downloader.HttpClientDownloader    : downloading page success https://finance.sina.com.cn/stock/s/2019-04-30/doc-ihvhiqax6015890.shtml
2019-04-30 21:32:18.578  INFO 16168 --- [pool-2-thread-4] u.c.w.downloader.HttpClientDownloader    : downloading page success https://finance.sina.com.cn/stock/usstock/c/2019-04-30/doc-ihvhiqax6015713.shtml
2019-04-30 21:32:18.630  INFO 16168 --- [pool-2-thread-5] u.c.w.downloader.HttpClientDownloader    : downloading page success https://news.sina.com.cn/c/2019-04-30/doc-ihvhiqax6020638.shtml
2019-04-30 21:32:18.643  INFO 16168 --- [pool-2-thread-3] u.c.w.downloader.HttpClientDownloader    : downloading page success https://finance.sina.com.cn/roll/2019-04-30/doc-ihvhiqax6009853.shtml
2019-04-30 21:32:18.657  INFO 16168 --- [pool-2-thread-1] u.c.w.downloader.HttpClientDownloader    : downloading page success https://finance.sina.com.cn/stock/relnews/us/2019-04-30/doc-ihvhiewr9206633.shtml
2019-04-30 21:32:18.672  INFO 16168 --- [pool-2-thread-2] u.c.w.downloader.HttpClientDownloader    : downloading page success https://news.sina.com.cn/w/2019-04-30/doc-ihvhiqax6003627.shtml
2019-04-30 21:32:18.719  INFO 16168 --- [pool-2-thread-4] u.c.w.downloader.HttpClientDownloader    : downloading page success https://news.sina.com.cn/o/2019-04-30/doc-ihvhiewr9207004.shtml
2019-04-30 21:32:18.773  INFO 16168 --- [pool-2-thread-5] u.c.w.downloader.HttpClientDownloader    : downloading page success https://finance.sina.com.cn/china/2019-04-30/doc-ihvhiqax6009337.shtml
2019-04-30 21:32:18.779  INFO 16168 --- [pool-2-thread-3] u.c.w.downloader.HttpClientDownloader    : downloading page success https://finance.sina.com.cn/chanjing/gsnews/2019-04-30/doc-ihvhiewr9203057.shtml
2019-04-30 21:32:18.798  INFO 16168 --- [pool-2-thread-2] u.c.w.downloader.HttpClientDownloader    : downloading page success https://news.sina.com.cn/o/2019-04-30/doc-ihvhiewr9206274.shtml
2019-04-30 21:32:18.833  INFO 16168 --- [pool-2-thread-1] u.c.w.downloader.HttpClientDownloader    : downloading page success https://finance.sina.com.cn/stock/s/2019-04-30/doc-ihvhiqax6015412.shtml
2019-04-30 21:32:18.857  INFO 16168 --- [pool-2-thread-4] u.c.w.downloader.HttpClientDownloader    : downloading page success https://news.sina.com.cn/w/2019-04-30/doc-ihvhiqax6011419.shtml
2019-04-30 21:32:18.910  INFO 16168 --- [pool-2-thread-5] u.c.w.downloader.HttpClientDownloader    : downloading page success https://finance.sina.com.cn/money/bank/bank_hydt/2019-04-30/doc-ihvhiewr9206097.shtml
2019-04-30 21:32:18.916  INFO 16168 --- [pool-2-thread-3] u.c.w.downloader.HttpClientDownloader    : downloading page success https://finance.sina.com.cn/stock/hyyj/2019-04-30/doc-ihvhiewr9205631.shtml
2019-04-30 21:32:18.950  INFO 16168 --- [pool-2-thread-2] u.c.w.downloader.HttpClientDownloader    : downloading page success https://finance.sina.com.cn/hy/hyjz/2019-04-30/doc-ihvhiewr9205572.shtml
2019-04-30 21:32:18.986  INFO 16168 --- [pool-2-thread-1] u.c.w.downloader.HttpClientDownloader    : downloading page success https://news.sina.com.cn/w/2019-04-30/doc-ihvhiqax6014979.shtml
2019-04-30 21:32:19.003  INFO 16168 --- [pool-2-thread-4] u.c.w.downloader.HttpClientDownloader    : downloading page success https://finance.sina.com.cn/money/bank/dsfzf/2019-04-30/doc-ihvhiewr9202230.shtml
2019-04-30 21:32:19.052  INFO 16168 --- [pool-2-thread-3] u.c.w.downloader.HttpClientDownloader    : downloading page success https://finance.sina.com.cn/stock/relnews/us/2019-04-30/doc-ihvhiqax6013246.shtml
2019-04-30 21:32:19.071  INFO 16168 --- [pool-2-thread-5] u.c.w.downloader.HttpClientDownloader    : downloading page success https://tech.sina.com.cn/i/2019-04-30/doc-ihvhiewr9204239.shtml
2019-04-30 21:32:19.086  INFO 16168 --- [pool-2-thread-2] u.c.w.downloader.HttpClientDownloader    : downloading page success https://finance.sina.com.cn/money/bank/bank_hydt/2019-04-30/doc-ihvhiqax6013429.shtml
2019-04-30 21:32:19.135  INFO 16168 --- [pool-2-thread-1] u.c.w.downloader.HttpClientDownloader    : downloading page success https://news.sina.com.cn/s/2019-04-30/doc-ihvhiewr9201906.shtml
2019-04-30 21:32:19.145  INFO 16168 --- [pool-2-thread-4] u.c.w.downloader.HttpClientDownloader    : downloading page success https://finance.sina.com.cn/7x24/2019-04-30/doc-ihvhiewr9203649.shtml
2019-04-30 21:32:19.208  INFO 16168 --- [pool-2-thread-3] u.c.w.downloader.HttpClientDownloader    : downloading page success https://news.sina.com.cn/s/2019-04-30/doc-ihvhiqax6014695.shtml
2019-04-30 21:32:19.225  INFO 16168 --- [pool-2-thread-2] u.c.w.downloader.HttpClientDownloader    : downloading page success https://finance.sina.com.cn/chanjing/gsnews/2019-04-30/doc-ihvhiqax6011578.shtml
2019-04-30 21:32:19.228  INFO 16168 --- [pool-2-thread-5] u.c.w.downloader.HttpClientDownloader    : downloading page success https://finance.sina.com.cn/stock/s/2019-04-30/doc-ihvhiewr9203274.shtml
2019-04-30 21:32:19.272  INFO 16168 --- [pool-2-thread-1] u.c.w.downloader.HttpClientDownloader    : downloading page success https://news.sina.com.cn/2019-04-30/doc-ihvhiewr9193551.shtml
2019-04-30 21:32:19.295  INFO 16168 --- [pool-2-thread-4] u.c.w.downloader.HttpClientDownloader    : downloading page success https://finance.sina.com.cn/stock/relnews/us/2019-04-30/doc-ihvhiewr9201779.shtml
2019-04-30 21:32:19.353  INFO 16168 --- [pool-2-thread-3] u.c.w.downloader.HttpClientDownloader    : downloading page success https://finance.sina.com.cn/stock/y/2019-04-30/doc-ihvhiqax6012637.shtml
2019-04-30 21:32:19.365  INFO 16168 --- [pool-2-thread-2] u.c.w.downloader.HttpClientDownloader    : downloading page success https://finance.sina.com.cn/roll/2019-04-30/doc-ihvhiqax6010388.shtml
2019-04-30 21:32:19.373  INFO 16168 --- [pool-2-thread-5] u.c.w.downloader.HttpClientDownloader    : downloading page success https://tech.sina.com.cn/i/2019-04-30/doc-ihvhiqax6003046.shtml
2019-04-30 21:32:19.407  INFO 16168 --- [pool-2-thread-1] u.c.w.downloader.HttpClientDownloader    : downloading page success https://finance.sina.com.cn/stock/usstock/clues/zs/2019-04-30/doc-ihvhiewr9066365.shtml
2019-04-30 21:32:19.445  INFO 16168 --- [pool-2-thread-4] u.c.w.downloader.HttpClientDownloader    : downloading page success https://news.sina.com.cn/o/2019-04-30/doc-ihvhiqax6003662.shtml
2019-04-30 21:32:19.485  INFO 16168 --- [pool-2-thread-3] u.c.w.downloader.HttpClientDownloader    : downloading page success https://news.sina.com.cn/c/2019-04-30/doc-ihvhiewr9203643.shtml
2019-04-30 21:32:19.503  INFO 16168 --- [pool-2-thread-2] u.c.w.downloader.HttpClientDownloader    : downloading page success https://finance.sina.com.cn/roll/2019-04-30/doc-ihvhiewr9193159.shtml
2019-04-30 21:32:19.509  INFO 16168 --- [pool-2-thread-5] u.c.w.downloader.HttpClientDownloader    : downloading page success https://finance.sina.com.cn/money/bank/dsfzf/2019-04-30/doc-ihvhiqax6012376.shtml
2019-04-30 21:32:19.570 ERROR 16168 --- [pool-2-thread-1] us.codecraft.webmagic.Spider             : process request Request{url='https://finance.sina.com.cn/stock/usstock/clues/zs/2019-04-30/doc-ihvhiewr9066365.shtml', method='null', extras=null, priority=0, headers={}, cookies={}} error

org.springframework.jdbc.UncategorizedSQLException: 
### Error updating database.  Cause: java.sql.SQLException: Incorrect string value: '\xF0\x9F\x93\x85\xE6\x9C...' for column 'content' at row 1
### The error may exist in club/p9j7/mapper/SinaNewsMapper.java (best guess)
### The error may involve club.p9j7.mapper.SinaNewsMapper.insertNews-Inline
### The error occurred while setting parameters
### SQL: insert into sinanews(title,content,keyword,newsTime) value (?,?,?,?)
### Cause: java.sql.SQLException: Incorrect string value: '\xF0\x9F\x93\x85\xE6\x9C...' for column 'content' at row 1
; uncategorized SQLException; SQL state [HY000]; error code [1366]; Incorrect string value: '\xF0\x9F\x93\x85\xE6\x9C...' for column 'content' at row 1; nested exception is java.sql.SQLException: Incorrect string value: '\xF0\x9F\x93\x85\xE6\x9C...' for column 'content' at row 1
	at org.springframework.jdbc.support.AbstractFallbackSQLExceptionTranslator.translate(AbstractFallbackSQLExceptionTranslator.java:89)
	at org.springframework.jdbc.support.AbstractFallbackSQLExceptionTranslator.translate(AbstractFallbackSQLExceptionTranslator.java:81)
	at org.springframework.jdbc.support.AbstractFallbackSQLExceptionTranslator.translate(AbstractFallbackSQLExceptionTranslator.java:81)
	at org.mybatis.spring.MyBatisExceptionTranslator.translateExceptionIfPossible(MyBatisExceptionTranslator.java:73)
	at org.mybatis.spring.SqlSessionTemplate$SqlSessionInterceptor.invoke(SqlSessionTemplate.java:446)
	at com.sun.proxy.$Proxy49.insert(Unknown Source)
	at org.mybatis.spring.SqlSessionTemplate.insert(SqlSessionTemplate.java:278)
	at org.apache.ibatis.binding.MapperMethod.execute(MapperMethod.java:59)
	at org.apache.ibatis.binding.MapperProxy.invoke(MapperProxy.java:58)
	at com.sun.proxy.$Proxy53.insertNews(Unknown Source)
	at club.p9j7.spider.SinaPipeline.process(SinaPipeline.java:20)
	at us.codecraft.webmagic.Spider.onDownloadSuccess(Spider.java:418)
	at us.codecraft.webmagic.Spider.processRequest(Spider.java:406)
	at us.codecraft.webmagic.Spider.access$000(Spider.java:61)
	at us.codecraft.webmagic.Spider$1.run(Spider.java:320)
	at us.codecraft.webmagic.thread.CountableThreadPool$1.run(CountableThreadPool.java:74)
	at java.util.concurrent.ThreadPoolExecutor.runWorker(ThreadPoolExecutor.java:1142)
	at java.util.concurrent.ThreadPoolExecutor$Worker.run(ThreadPoolExecutor.java:617)
	at java.lang.Thread.run(Thread.java:745)
Caused by: java.sql.SQLException: Incorrect string value: '\xF0\x9F\x93\x85\xE6\x9C...' for column 'content' at row 1
	at com.mysql.cj.jdbc.exceptions.SQLError.createSQLException(SQLError.java:129)
	at com.mysql.cj.jdbc.exceptions.SQLError.createSQLException(SQLError.java:97)
	at com.mysql.cj.jdbc.exceptions.SQLExceptionsMapping.translateException(SQLExceptionsMapping.java:122)
	at com.mysql.cj.jdbc.ClientPreparedStatement.executeInternal(ClientPreparedStatement.java:970)
	at com.mysql.cj.jdbc.ClientPreparedStatement.execute(ClientPreparedStatement.java:387)
	at com.zaxxer.hikari.pool.ProxyPreparedStatement.execute(ProxyPreparedStatement.java:44)
	at com.zaxxer.hikari.pool.HikariProxyPreparedStatement.execute(HikariProxyPreparedStatement.java)
	at sun.reflect.GeneratedMethodAccessor20.invoke(Unknown Source)
	at sun.reflect.DelegatingMethodAccessorImpl.invoke(DelegatingMethodAccessorImpl.java:43)
	at java.lang.reflect.Method.invoke(Method.java:498)
	at org.apache.ibatis.logging.jdbc.PreparedStatementLogger.invoke(PreparedStatementLogger.java:59)
	at com.sun.proxy.$Proxy68.execute(Unknown Source)
	at org.apache.ibatis.executor.statement.PreparedStatementHandler.update(PreparedStatementHandler.java:47)
	at org.apache.ibatis.executor.statement.RoutingStatementHandler.update(RoutingStatementHandler.java:74)
	at org.apache.ibatis.executor.SimpleExecutor.doUpdate(SimpleExecutor.java:50)
	at org.apache.ibatis.executor.BaseExecutor.update(BaseExecutor.java:117)
	at org.apache.ibatis.executor.CachingExecutor.update(CachingExecutor.java:76)
	at org.apache.ibatis.session.defaults.DefaultSqlSession.update(DefaultSqlSession.java:198)
	at org.apache.ibatis.session.defaults.DefaultSqlSession.insert(DefaultSqlSession.java:185)
	at sun.reflect.GeneratedMethodAccessor13.invoke(Unknown Source)
	at sun.reflect.DelegatingMethodAccessorImpl.invoke(DelegatingMethodAccessorImpl.java:43)
	at java.lang.reflect.Method.invoke(Method.java:498)
	at org.mybatis.spring.SqlSessionTemplate$SqlSessionInterceptor.invoke(SqlSessionTemplate.java:433)
	... 14 common frames omitted

2019-04-30 21:32:19.612  INFO 16168 --- [pool-2-thread-4] u.c.w.downloader.HttpClientDownloader    : downloading page success https://finance.sina.com.cn/china/2019-04-30/doc-ihvhiqax6010585.shtml
2019-04-30 21:32:19.629  INFO 16168 --- [pool-2-thread-1] u.c.w.downloader.HttpClientDownloader    : downloading page success https://finance.sina.com.cn/stock/s/2019-04-30/doc-ihvhiewr9202861.shtml
2019-04-30 21:32:19.668  INFO 16168 --- [pool-2-thread-3] u.c.w.downloader.HttpClientDownloader    : downloading page success https://news.sina.com.cn/c/2019-04-30/doc-ihvhiqax6010289.shtml
2019-04-30 21:32:19.688  INFO 16168 --- [pool-2-thread-2] u.c.w.downloader.HttpClientDownloader    : downloading page success https://finance.sina.com.cn/roll/2019-04-30/doc-ihvhiewr9204349.shtml
2019-04-30 21:32:19.689  INFO 16168 --- [pool-2-thread-5] u.c.w.downloader.HttpClientDownloader    : downloading page success https://finance.sina.com.cn/stock/relnews/us/2019-04-30/doc-ihvhiqax6013694.shtml
2019-04-30 21:32:19.745  INFO 16168 --- [pool-2-thread-4] u.c.w.downloader.HttpClientDownloader    : downloading page success https://finance.sina.com.cn/roll/2019-04-30/doc-ihvhiewr9201940.shtml
2019-04-30 21:32:19.763  INFO 16168 --- [pool-2-thread-1] u.c.w.downloader.HttpClientDownloader    : downloading page success https://finance.sina.com.cn/china/2019-04-30/doc-ihvhiewr9202865.shtml
2019-04-30 21:32:19.811  INFO 16168 --- [pool-2-thread-3] u.c.w.downloader.HttpClientDownloader    : downloading page success https://finance.sina.com.cn/roll/2019-04-30/doc-ihvhiewr9201933.shtml
2019-04-30 21:32:19.826  INFO 16168 --- [pool-2-thread-2] u.c.w.downloader.HttpClientDownloader    : downloading page success https://news.sina.com.cn/c/2019-04-30/doc-ihvhiqax6012305.shtml
2019-04-30 21:32:19.834  INFO 16168 --- [pool-2-thread-5] u.c.w.downloader.HttpClientDownloader    : downloading page success https://finance.sina.com.cn/roll/2019-04-30/doc-ihvhiqax6011008.shtml
2019-04-30 21:32:19.877  INFO 16168 --- [pool-2-thread-4] u.c.w.downloader.HttpClientDownloader    : downloading page success https://finance.sina.com.cn/china/2019-04-30/doc-ihvhiewr9202562.shtml
2019-04-30 21:32:19.897  INFO 16168 --- [pool-2-thread-1] u.c.w.downloader.HttpClientDownloader    : downloading page success https://news.sina.com.cn/o/2019-04-30/doc-ihvhiqax6012495.shtml
2019-04-30 21:32:19.941  INFO 16168 --- [pool-2-thread-3] u.c.w.downloader.HttpClientDownloader    : downloading page success https://finance.sina.com.cn/chanjing/gsnews/2019-04-30/doc-ihvhiqax6017124.shtml
2019-04-30 21:32:19.958  INFO 16168 --- [pool-2-thread-2] u.c.w.downloader.HttpClientDownloader    : downloading page success https://finance.sina.com.cn/chanjing/gsnews/2019-04-30/doc-ihvhiqax6012292.shtml
2019-04-30 21:32:19.966  INFO 16168 --- [pool-2-thread-5] u.c.w.downloader.HttpClientDownloader    : downloading page success https://finance.sina.com.cn/chanjing/gsnews/2019-04-30/doc-ihvhiewr9202868.shtml
2019-04-30 21:32:20.012  INFO 16168 --- [pool-2-thread-4] u.c.w.downloader.HttpClientDownloader    : downloading page success https://finance.sina.com.cn/roll/2019-04-30/doc-ihvhiewr9201493.shtml
2019-04-30 21:32:20.028  INFO 16168 --- [pool-2-thread-1] u.c.w.downloader.HttpClientDownloader    : downloading page success https://finance.sina.com.cn/roll/2019-04-30/doc-ihvhiewr9201489.shtml
2019-04-30 21:32:20.088  INFO 16168 --- [pool-2-thread-2] u.c.w.downloader.HttpClientDownloader    : downloading page success https://news.sina.com.cn/c/2019-04-30/doc-ihvhiewr9200894.shtml
2019-04-30 21:32:20.093  INFO 16168 --- [pool-2-thread-3] u.c.w.downloader.HttpClientDownloader    : downloading page success https://finance.sina.com.cn/roll/2019-04-30/doc-ihvhiqax6010636.shtml
2019-04-30 21:32:20.107  INFO 16168 --- [pool-2-thread-5] u.c.w.downloader.HttpClientDownloader    : downloading page success https://finance.sina.com.cn/stock/observe/2019-04-30/doc-ihvhiewr9200262.shtml
2019-04-30 21:32:20.139  INFO 16168 --- [pool-2-thread-4] u.c.w.downloader.HttpClientDownloader    : downloading page success https://news.sina.com.cn/c/2019-04-30/doc-ihvhiqax6010817.shtml
2019-04-30 21:32:20.165  INFO 16168 --- [pool-2-thread-1] u.c.w.downloader.HttpClientDownloader    : downloading page success https://finance.sina.com.cn/stock/usstock/c/2019-04-30/doc-ihvhiqax6009550.shtml
2019-04-30 21:32:20.219  INFO 16168 --- [pool-2-thread-2] u.c.w.downloader.HttpClientDownloader    : downloading page success https://finance.sina.com.cn/roll/2019-04-30/doc-ihvhiqax6009964.shtml
2019-04-30 21:32:20.285  INFO 16168 --- [pool-2-thread-3] u.c.w.downloader.HttpClientDownloader    : downloading page success https://finance.sina.com.cn/china/2019-04-30/doc-ihvhiqax6011443.shtml
2019-04-30 21:32:20.290  INFO 16168 --- [pool-2-thread-5] u.c.w.downloader.HttpClientDownloader    : downloading page success https://finance.sina.com.cn/china/gncj/2019-04-30/doc-ihvhiqax6010731.shtml
2019-04-30 21:32:20.315  INFO 16168 --- [pool-2-thread-4] u.c.w.downloader.HttpClientDownloader    : downloading page success https://finance.sina.com.cn/chanjing/gsnews/2019-04-30/doc-ihvhiqax6010759.shtml
2019-04-30 21:32:20.349  INFO 16168 --- [pool-2-thread-1] u.c.w.downloader.HttpClientDownloader    : downloading page success https://finance.sina.com.cn/money/insurance/bxdt/2019-04-30/doc-ihvhiewr9199671.shtml
2019-04-30 21:32:20.386  INFO 16168 --- [pool-2-thread-2] u.c.w.downloader.HttpClientDownloader    : downloading page success https://finance.sina.com.cn/stock/relnews/us/2019-04-30/doc-ihvhiewr9200341.shtml
2019-04-30 21:32:20.442  INFO 16168 --- [pool-2-thread-3] u.c.w.downloader.HttpClientDownloader    : downloading page success https://tech.sina.com.cn/i/2019-04-30/doc-ihvhiewr9201084.shtml
2019-04-30 21:32:20.447  INFO 16168 --- [pool-2-thread-5] u.c.w.downloader.HttpClientDownloader    : downloading page success https://finance.sina.com.cn/chanjing/gsnews/2019-04-30/doc-ihvhiqax6009072.shtml
2019-04-30 21:32:20.453  INFO 16168 --- [pool-2-thread-4] u.c.w.downloader.HttpClientDownloader    : downloading page success https://finance.sina.com.cn/roll/2019-04-30/doc-ihvhiewr9203340.shtml
2019-04-30 21:32:20.504  INFO 16168 --- [pool-2-thread-1] u.c.w.downloader.HttpClientDownloader    : downloading page success https://news.sina.com.cn/c/2019-04-30/doc-ihvhiewr9199183.shtml
2019-04-30 21:32:20.519  INFO 16168 --- [pool-2-thread-2] u.c.w.downloader.HttpClientDownloader    : downloading page success https://finance.sina.com.cn/roll/2019-04-30/doc-ihvhiqax6009410.shtml
2019-04-30 21:32:20.567  INFO 16168 --- [pool-2-thread-3] u.c.w.downloader.HttpClientDownloader    : downloading page success https://finance.sina.com.cn/roll/2019-04-30/doc-ihvhiqax6008607.shtml
2019-04-30 21:32:20.581  INFO 16168 --- [pool-2-thread-5] u.c.w.downloader.HttpClientDownloader    : downloading page success https://finance.sina.com.cn/roll/2019-04-30/doc-ihvhiewr9199162.shtml
2019-04-30 21:32:20.590  INFO 16168 --- [pool-2-thread-4] u.c.w.downloader.HttpClientDownloader    : downloading page success https://finance.sina.com.cn/stock/usstock/c/2019-04-30/doc-ihvhiewr9201945.shtml
2019-04-30 21:32:20.642  INFO 16168 --- [pool-2-thread-1] u.c.w.downloader.HttpClientDownloader    : downloading page success https://finance.sina.com.cn/china/2019-04-30/doc-ihvhiqax6011772.shtml
2019-04-30 21:32:20.742  INFO 16168 --- [pool-2-thread-2] u.c.w.downloader.HttpClientDownloader    : downloading page success https://news.sina.com.cn/o/2019-04-30/doc-ihvhiqax6008783.shtml
2019-04-30 21:32:20.769  INFO 16168 --- [pool-2-thread-5] u.c.w.downloader.HttpClientDownloader    : downloading page success https://finance.sina.com.cn/stock/s/2019-04-30/doc-ihvhiqax6008209.shtml
2019-04-30 21:32:20.769  INFO 16168 --- [pool-2-thread-3] u.c.w.downloader.HttpClientDownloader    : downloading page success https://finance.sina.com.cn/stock/s/2019-04-30/doc-ihvhiewr9198881.shtml
2019-04-30 21:32:20.772  INFO 16168 --- [pool-2-thread-1] u.c.w.downloader.HttpClientDownloader    : downloading page success https://finance.sina.com.cn/stock/relnews/us/2019-04-30/doc-ihvhiewr9205746.shtml
2019-04-30 21:32:20.790  INFO 16168 --- [pool-2-thread-4] u.c.w.downloader.HttpClientDownloader    : downloading page success https://news.sina.com.cn/w/2019-04-30/doc-ihvhiqax6008299.shtml
2019-04-30 21:32:20.892  INFO 16168 --- [pool-2-thread-2] u.c.w.downloader.HttpClientDownloader    : downloading page success https://finance.sina.com.cn/stock/relnews/us/2019-04-30/doc-ihvhiqax6015222.shtml
2019-04-30 21:32:20.907  INFO 16168 --- [pool-2-thread-5] u.c.w.downloader.HttpClientDownloader    : downloading page success https://finance.sina.com.cn/roll/2019-04-30/doc-ihvhiewr9200493.shtml
2019-04-30 21:32:20.910  INFO 16168 --- [pool-2-thread-3] u.c.w.downloader.HttpClientDownloader    : downloading page success https://finance.sina.com.cn/roll/2019-04-30/doc-ihvhiqax6009954.shtml
2019-04-30 21:32:20.934  INFO 16168 --- [pool-2-thread-4] u.c.w.downloader.HttpClientDownloader    : downloading page success https://finance.sina.com.cn/roll/2019-04-30/doc-ihvhiqax6009544.shtml
2019-04-30 21:32:20.947  INFO 16168 --- [pool-2-thread-1] u.c.w.downloader.HttpClientDownloader    : downloading page success https://finance.sina.com.cn/roll/2019-04-30/doc-ihvhiewr9200128.shtml
2019-04-30 21:32:21.034  INFO 16168 --- [pool-2-thread-2] u.c.w.downloader.HttpClientDownloader    : downloading page success https://finance.sina.com.cn/roll/2019-04-30/doc-ihvhiqax6009101.shtml
2019-04-30 21:32:21.046  INFO 16168 --- [pool-2-thread-5] u.c.w.downloader.HttpClientDownloader    : downloading page success https://finance.sina.com.cn/roll/2019-04-30/doc-ihvhiewr9199702.shtml
2019-04-30 21:32:21.151  INFO 16168 --- [main] us.codecraft.webmagic.Spider             : Spider feed.mix.sina.com.cn closed! 198 pages downloaded.
2019-04-30 21:32:21.169  INFO 16168 --- [Thread-2] com.zaxxer.hikari.HikariDataSource       : HikariPool-1 - Shutdown initiated...
2019-04-30 21:32:21.175  INFO 16168 --- [Thread-2] com.zaxxer.hikari.HikariDataSource       : HikariPool-1 - Shutdown completed.
