2019-05-07 06:54:09.447 ERROR 6296 --- [pool-2-thread-1] us.codecraft.webmagic.Spider             : process request Request{url='https://tech.sina.com.cn/it/2019-05-06/doc-ihvhiews0214595.shtml', method='null', extras=null, priority=0, headers={}, cookies={}} error

java.lang.NullPointerException: text
	at java.util.Objects.requireNonNull(Objects.java:228)
	at java.time.format.DateTimeFormatter.parse(DateTimeFormatter.java:1848)
	at java.time.LocalDateTime.parse(LocalDateTime.java:492)
	at club.p9j7.spider.SinaSpider.process(SinaSpider.java:52)
	at us.codecraft.webmagic.Spider.onDownloadSuccess(Spider.java:414)
	at us.codecraft.webmagic.Spider.processRequest(Spider.java:406)
	at us.codecraft.webmagic.Spider.access$000(Spider.java:61)
	at us.codecraft.webmagic.Spider$1.run(Spider.java:320)
	at us.codecraft.webmagic.thread.CountableThreadPool$1.run(CountableThreadPool.java:74)
	at java.util.concurrent.ThreadPoolExecutor.runWorker(ThreadPoolExecutor.java:1142)
	at java.util.concurrent.ThreadPoolExecutor$Worker.run(ThreadPoolExecutor.java:617)
	at java.lang.Thread.run(Thread.java:745)

2019-05-07 06:54:14.339 ERROR 6296 --- [pool-2-thread-2] us.codecraft.webmagic.Spider             : process request Request{url='https://tech.sina.com.cn/it/2019-05-06/doc-ihvhiqax7021264.shtml', method='null', extras=null, priority=0, headers={}, cookies={}} error

java.lang.NullPointerException: text
	at java.util.Objects.requireNonNull(Objects.java:228)
	at java.time.format.DateTimeFormatter.parse(DateTimeFormatter.java:1848)
	at java.time.LocalDateTime.parse(LocalDateTime.java:492)
	at club.p9j7.spider.SinaSpider.process(SinaSpider.java:52)
	at us.codecraft.webmagic.Spider.onDownloadSuccess(Spider.java:414)
	at us.codecraft.webmagic.Spider.processRequest(Spider.java:406)
	at us.codecraft.webmagic.Spider.access$000(Spider.java:61)
	at us.codecraft.webmagic.Spider$1.run(Spider.java:320)
	at us.codecraft.webmagic.thread.CountableThreadPool$1.run(CountableThreadPool.java:74)
	at java.util.concurrent.ThreadPoolExecutor.runWorker(ThreadPoolExecutor.java:1142)
	at java.util.concurrent.ThreadPoolExecutor$Worker.run(ThreadPoolExecutor.java:617)
	at java.lang.Thread.run(Thread.java:745)

2019-05-07 06:54:17.007 ERROR 6296 --- [pool-2-thread-4] us.codecraft.webmagic.Spider             : process request Request{url='https://tech.sina.com.cn/it/2019-05-06/doc-ihvhiews0203532.shtml', method='null', extras=null, priority=0, headers={}, cookies={}} error

java.lang.NullPointerException: text
	at java.util.Objects.requireNonNull(Objects.java:228)
	at java.time.format.DateTimeFormatter.parse(DateTimeFormatter.java:1848)
	at java.time.LocalDateTime.parse(LocalDateTime.java:492)
	at club.p9j7.spider.SinaSpider.process(SinaSpider.java:52)
	at us.codecraft.webmagic.Spider.onDownloadSuccess(Spider.java:414)
	at us.codecraft.webmagic.Spider.processRequest(Spider.java:406)
	at us.codecraft.webmagic.Spider.access$000(Spider.java:61)
	at us.codecraft.webmagic.Spider$1.run(Spider.java:320)
	at us.codecraft.webmagic.thread.CountableThreadPool$1.run(CountableThreadPool.java:74)
	at java.util.concurrent.ThreadPoolExecutor.runWorker(ThreadPoolExecutor.java:1142)
	at java.util.concurrent.ThreadPoolExecutor$Worker.run(ThreadPoolExecutor.java:617)
	at java.lang.Thread.run(Thread.java:745)

2019-05-07 06:54:20.915 ERROR 6296 --- [pool-2-thread-5] us.codecraft.webmagic.Spider             : process request Request{url='https://finance.sina.com.cn/stock/usstock/clues/zs/2019-05-06/doc-ihvhiqax6878009.shtml', method='null', extras=null, priority=0, headers={}, cookies={}} error

org.springframework.jdbc.UncategorizedSQLException: 
### Error updating database.  Cause: java.sql.SQLException: Incorrect string value: '\xF0\x9F\x93\x85\xE6\x9C...' for column 'content' at row 1
### The error may exist in club/p9j7/mapper/SinaNewsMapper.java (best guess)
### The error may involve club.p9j7.mapper.SinaNewsMapper.insertNews-Inline
### The error occurred while setting parameters
### SQL: insert into sinanews(title,content,keyword,newsTime) value (?,?,?,?)
### Cause: java.sql.SQLException: Incorrect string value: '\xF0\x9F\x93\x85\xE6\x9C...' for column 'content' at row 1
; uncategorized SQLException; SQL state [HY000]; error code [1366]; Incorrect string value: '\xF0\x9F\x93\x85\xE6\x9C...' for column 'content' at row 1; nested exception is java.sql.SQLException: Incorrect string value: '\xF0\x9F\x93\x85\xE6\x9C...' for column 'content' at row 1
	at org.springframework.jdbc.support.AbstractFallbackSQLExceptionTranslator.translate(AbstractFallbackSQLExceptionTranslator.java:89)
	at org.springframework.jdbc.support.AbstractFallbackSQLExceptionTranslator.translate(AbstractFallbackSQLExceptionTranslator.java:81)
	at org.springframework.jdbc.support.AbstractFallbackSQLExceptionTranslator.translate(AbstractFallbackSQLExceptionTranslator.java:81)
	at org.mybatis.spring.MyBatisExceptionTranslator.translateExceptionIfPossible(MyBatisExceptionTranslator.java:73)
	at org.mybatis.spring.SqlSessionTemplate$SqlSessionInterceptor.invoke(SqlSessionTemplate.java:446)
	at com.sun.proxy.$Proxy49.insert(Unknown Source)
	at org.mybatis.spring.SqlSessionTemplate.insert(SqlSessionTemplate.java:278)
	at org.apache.ibatis.binding.MapperMethod.execute(MapperMethod.java:59)
	at org.apache.ibatis.binding.MapperProxy.invoke(MapperProxy.java:58)
	at com.sun.proxy.$Proxy53.insertNews(Unknown Source)
	at club.p9j7.spider.SinaPipeline.process(SinaPipeline.java:20)
	at us.codecraft.webmagic.Spider.onDownloadSuccess(Spider.java:418)
	at us.codecraft.webmagic.Spider.processRequest(Spider.java:406)
	at us.codecraft.webmagic.Spider.access$000(Spider.java:61)
	at us.codecraft.webmagic.Spider$1.run(Spider.java:320)
	at us.codecraft.webmagic.thread.CountableThreadPool$1.run(CountableThreadPool.java:74)
	at java.util.concurrent.ThreadPoolExecutor.runWorker(ThreadPoolExecutor.java:1142)
	at java.util.concurrent.ThreadPoolExecutor$Worker.run(ThreadPoolExecutor.java:617)
	at java.lang.Thread.run(Thread.java:745)
Caused by: java.sql.SQLException: Incorrect string value: '\xF0\x9F\x93\x85\xE6\x9C...' for column 'content' at row 1
	at com.mysql.cj.jdbc.exceptions.SQLError.createSQLException(SQLError.java:129)
	at com.mysql.cj.jdbc.exceptions.SQLError.createSQLException(SQLError.java:97)
	at com.mysql.cj.jdbc.exceptions.SQLExceptionsMapping.translateException(SQLExceptionsMapping.java:122)
	at com.mysql.cj.jdbc.ClientPreparedStatement.executeInternal(ClientPreparedStatement.java:970)
	at com.mysql.cj.jdbc.ClientPreparedStatement.execute(ClientPreparedStatement.java:387)
	at com.zaxxer.hikari.pool.ProxyPreparedStatement.execute(ProxyPreparedStatement.java:44)
	at com.zaxxer.hikari.pool.HikariProxyPreparedStatement.execute(HikariProxyPreparedStatement.java)
	at sun.reflect.GeneratedMethodAccessor16.invoke(Unknown Source)
	at sun.reflect.DelegatingMethodAccessorImpl.invoke(DelegatingMethodAccessorImpl.java:43)
	at java.lang.reflect.Method.invoke(Method.java:498)
	at org.apache.ibatis.logging.jdbc.PreparedStatementLogger.invoke(PreparedStatementLogger.java:59)
	at com.sun.proxy.$Proxy68.execute(Unknown Source)
	at org.apache.ibatis.executor.statement.PreparedStatementHandler.update(PreparedStatementHandler.java:47)
	at org.apache.ibatis.executor.statement.RoutingStatementHandler.update(RoutingStatementHandler.java:74)
	at org.apache.ibatis.executor.SimpleExecutor.doUpdate(SimpleExecutor.java:50)
	at org.apache.ibatis.executor.BaseExecutor.update(BaseExecutor.java:117)
	at org.apache.ibatis.executor.CachingExecutor.update(CachingExecutor.java:76)
	at org.apache.ibatis.session.defaults.DefaultSqlSession.update(DefaultSqlSession.java:198)
	at org.apache.ibatis.session.defaults.DefaultSqlSession.insert(DefaultSqlSession.java:185)
	at sun.reflect.GeneratedMethodAccessor19.invoke(Unknown Source)
	at sun.reflect.DelegatingMethodAccessorImpl.invoke(DelegatingMethodAccessorImpl.java:43)
	at java.lang.reflect.Method.invoke(Method.java:498)
	at org.mybatis.spring.SqlSessionTemplate$SqlSessionInterceptor.invoke(SqlSessionTemplate.java:433)
	... 14 common frames omitted

2019-05-07 06:54:39.260 ERROR 6296 --- [pool-2-thread-2] us.codecraft.webmagic.Spider             : process request Request{url='https://tech.sina.com.cn/mobile/n/n/2019-05-06/doc-ihvhiqax6929685.shtml', method='null', extras=null, priority=0, headers={}, cookies={}} error

java.lang.NullPointerException: text
	at java.util.Objects.requireNonNull(Objects.java:228)
	at java.time.format.DateTimeFormatter.parse(DateTimeFormatter.java:1848)
	at java.time.LocalDateTime.parse(LocalDateTime.java:492)
	at club.p9j7.spider.SinaSpider.process(SinaSpider.java:52)
	at us.codecraft.webmagic.Spider.onDownloadSuccess(Spider.java:414)
	at us.codecraft.webmagic.Spider.processRequest(Spider.java:406)
	at us.codecraft.webmagic.Spider.access$000(Spider.java:61)
	at us.codecraft.webmagic.Spider$1.run(Spider.java:320)
	at us.codecraft.webmagic.thread.CountableThreadPool$1.run(CountableThreadPool.java:74)
	at java.util.concurrent.ThreadPoolExecutor.runWorker(ThreadPoolExecutor.java:1142)
	at java.util.concurrent.ThreadPoolExecutor$Worker.run(ThreadPoolExecutor.java:617)
	at java.lang.Thread.run(Thread.java:745)

2019-05-07 06:55:03.850 ERROR 6296 --- [pool-2-thread-1] us.codecraft.webmagic.Spider             : process request Request{url='https://tech.sina.com.cn/mobile/n/n/2019-05-06/doc-ihvhiqax6861492.shtml', method='null', extras=null, priority=0, headers={}, cookies={}} error

java.lang.NullPointerException: text
	at java.util.Objects.requireNonNull(Objects.java:228)
	at java.time.format.DateTimeFormatter.parse(DateTimeFormatter.java:1848)
	at java.time.LocalDateTime.parse(LocalDateTime.java:492)
	at club.p9j7.spider.SinaSpider.process(SinaSpider.java:52)
	at us.codecraft.webmagic.Spider.onDownloadSuccess(Spider.java:414)
	at us.codecraft.webmagic.Spider.processRequest(Spider.java:406)
	at us.codecraft.webmagic.Spider.access$000(Spider.java:61)
	at us.codecraft.webmagic.Spider$1.run(Spider.java:320)
	at us.codecraft.webmagic.thread.CountableThreadPool$1.run(CountableThreadPool.java:74)
	at java.util.concurrent.ThreadPoolExecutor.runWorker(ThreadPoolExecutor.java:1142)
	at java.util.concurrent.ThreadPoolExecutor$Worker.run(ThreadPoolExecutor.java:617)
	at java.lang.Thread.run(Thread.java:745)

2019-05-07 06:55:05.121 ERROR 6296 --- [pool-2-thread-3] us.codecraft.webmagic.Spider             : process request Request{url='https://tech.sina.com.cn/mobile/n/n/2019-05-06/doc-ihvhiqax6858395.shtml', method='null', extras=null, priority=0, headers={}, cookies={}} error

java.lang.NullPointerException: text
	at java.util.Objects.requireNonNull(Objects.java:228)
	at java.time.format.DateTimeFormatter.parse(DateTimeFormatter.java:1848)
	at java.time.LocalDateTime.parse(LocalDateTime.java:492)
	at club.p9j7.spider.SinaSpider.process(SinaSpider.java:52)
	at us.codecraft.webmagic.Spider.onDownloadSuccess(Spider.java:414)
	at us.codecraft.webmagic.Spider.processRequest(Spider.java:406)
	at us.codecraft.webmagic.Spider.access$000(Spider.java:61)
	at us.codecraft.webmagic.Spider$1.run(Spider.java:320)
	at us.codecraft.webmagic.thread.CountableThreadPool$1.run(CountableThreadPool.java:74)
	at java.util.concurrent.ThreadPoolExecutor.runWorker(ThreadPoolExecutor.java:1142)
	at java.util.concurrent.ThreadPoolExecutor$Worker.run(ThreadPoolExecutor.java:617)
	at java.lang.Thread.run(Thread.java:745)

2019-05-07 06:55:05.376 ERROR 6296 --- [pool-2-thread-5] us.codecraft.webmagic.Spider             : process request Request{url='https://tech.sina.com.cn/n/k/2019-05-06/doc-ihvhiews0047458.shtml', method='null', extras=null, priority=0, headers={}, cookies={}} error

java.lang.NullPointerException: text
	at java.util.Objects.requireNonNull(Objects.java:228)
	at java.time.format.DateTimeFormatter.parse(DateTimeFormatter.java:1848)
	at java.time.LocalDateTime.parse(LocalDateTime.java:492)
	at club.p9j7.spider.SinaSpider.process(SinaSpider.java:52)
	at us.codecraft.webmagic.Spider.onDownloadSuccess(Spider.java:414)
	at us.codecraft.webmagic.Spider.processRequest(Spider.java:406)
	at us.codecraft.webmagic.Spider.access$000(Spider.java:61)
	at us.codecraft.webmagic.Spider$1.run(Spider.java:320)
	at us.codecraft.webmagic.thread.CountableThreadPool$1.run(CountableThreadPool.java:74)
	at java.util.concurrent.ThreadPoolExecutor.runWorker(ThreadPoolExecutor.java:1142)
	at java.util.concurrent.ThreadPoolExecutor$Worker.run(ThreadPoolExecutor.java:617)
	at java.lang.Thread.run(Thread.java:745)

2019-05-07 06:55:09.155 ERROR 6296 --- [pool-2-thread-2] us.codecraft.webmagic.Spider             : process request Request{url='https://tech.sina.com.cn/mobile/n/n/2019-05-06/doc-ihvhiews0041488.shtml', method='null', extras=null, priority=0, headers={}, cookies={}} error

java.lang.NullPointerException: text
	at java.util.Objects.requireNonNull(Objects.java:228)
	at java.time.format.DateTimeFormatter.parse(DateTimeFormatter.java:1848)
	at java.time.LocalDateTime.parse(LocalDateTime.java:492)
	at club.p9j7.spider.SinaSpider.process(SinaSpider.java:52)
	at us.codecraft.webmagic.Spider.onDownloadSuccess(Spider.java:414)
	at us.codecraft.webmagic.Spider.processRequest(Spider.java:406)
	at us.codecraft.webmagic.Spider.access$000(Spider.java:61)
	at us.codecraft.webmagic.Spider$1.run(Spider.java:320)
	at us.codecraft.webmagic.thread.CountableThreadPool$1.run(CountableThreadPool.java:74)
	at java.util.concurrent.ThreadPoolExecutor.runWorker(ThreadPoolExecutor.java:1142)
	at java.util.concurrent.ThreadPoolExecutor$Worker.run(ThreadPoolExecutor.java:617)
	at java.lang.Thread.run(Thread.java:745)

2019-05-07 06:55:09.692 ERROR 6296 --- [pool-2-thread-3] us.codecraft.webmagic.Spider             : process request Request{url='https://tech.sina.com.cn/mobile/n/n/2019-05-06/doc-ihvhiews0040830.shtml', method='null', extras=null, priority=0, headers={}, cookies={}} error

java.lang.NullPointerException: text
	at java.util.Objects.requireNonNull(Objects.java:228)
	at java.time.format.DateTimeFormatter.parse(DateTimeFormatter.java:1848)
	at java.time.LocalDateTime.parse(LocalDateTime.java:492)
	at club.p9j7.spider.SinaSpider.process(SinaSpider.java:52)
	at us.codecraft.webmagic.Spider.onDownloadSuccess(Spider.java:414)
	at us.codecraft.webmagic.Spider.processRequest(Spider.java:406)
	at us.codecraft.webmagic.Spider.access$000(Spider.java:61)
	at us.codecraft.webmagic.Spider$1.run(Spider.java:320)
	at us.codecraft.webmagic.thread.CountableThreadPool$1.run(CountableThreadPool.java:74)
	at java.util.concurrent.ThreadPoolExecutor.runWorker(ThreadPoolExecutor.java:1142)
	at java.util.concurrent.ThreadPoolExecutor$Worker.run(ThreadPoolExecutor.java:617)
	at java.lang.Thread.run(Thread.java:745)

2019-05-07 06:55:48.127 ERROR 6296 --- [pool-2-thread-5] us.codecraft.webmagic.Spider             : process request Request{url='https://tech.sina.com.cn/it/2019-05-05/doc-ihvhiewr9913367.shtml', method='null', extras=null, priority=0, headers={}, cookies={}} error

java.lang.NullPointerException: text
	at java.util.Objects.requireNonNull(Objects.java:228)
	at java.time.format.DateTimeFormatter.parse(DateTimeFormatter.java:1848)
	at java.time.LocalDateTime.parse(LocalDateTime.java:492)
	at club.p9j7.spider.SinaSpider.process(SinaSpider.java:52)
	at us.codecraft.webmagic.Spider.onDownloadSuccess(Spider.java:414)
	at us.codecraft.webmagic.Spider.processRequest(Spider.java:406)
	at us.codecraft.webmagic.Spider.access$000(Spider.java:61)
	at us.codecraft.webmagic.Spider$1.run(Spider.java:320)
	at us.codecraft.webmagic.thread.CountableThreadPool$1.run(CountableThreadPool.java:74)
	at java.util.concurrent.ThreadPoolExecutor.runWorker(ThreadPoolExecutor.java:1142)
	at java.util.concurrent.ThreadPoolExecutor$Worker.run(ThreadPoolExecutor.java:617)
	at java.lang.Thread.run(Thread.java:745)

2019-05-07 06:55:49.196 ERROR 6296 --- [pool-2-thread-1] us.codecraft.webmagic.Spider             : process request Request{url='https://finance.sina.com.cn/stock/usstock/clues/hg/2019-05-05/doc-ihvhiewr9793249.shtml', method='null', extras=null, priority=0, headers={}, cookies={}} error

org.springframework.jdbc.UncategorizedSQLException: 
### Error updating database.  Cause: java.sql.SQLException: Incorrect string value: '\xF0\x9F\x93\x85\xE4\xB8...' for column 'content' at row 1
### The error may exist in club/p9j7/mapper/SinaNewsMapper.java (best guess)
### The error may involve club.p9j7.mapper.SinaNewsMapper.insertNews-Inline
### The error occurred while setting parameters
### SQL: insert into sinanews(title,content,keyword,newsTime) value (?,?,?,?)
### Cause: java.sql.SQLException: Incorrect string value: '\xF0\x9F\x93\x85\xE4\xB8...' for column 'content' at row 1
; uncategorized SQLException; SQL state [HY000]; error code [1366]; Incorrect string value: '\xF0\x9F\x93\x85\xE4\xB8...' for column 'content' at row 1; nested exception is java.sql.SQLException: Incorrect string value: '\xF0\x9F\x93\x85\xE4\xB8...' for column 'content' at row 1
	at org.springframework.jdbc.support.AbstractFallbackSQLExceptionTranslator.translate(AbstractFallbackSQLExceptionTranslator.java:89)
	at org.springframework.jdbc.support.AbstractFallbackSQLExceptionTranslator.translate(AbstractFallbackSQLExceptionTranslator.java:81)
	at org.springframework.jdbc.support.AbstractFallbackSQLExceptionTranslator.translate(AbstractFallbackSQLExceptionTranslator.java:81)
	at org.mybatis.spring.MyBatisExceptionTranslator.translateExceptionIfPossible(MyBatisExceptionTranslator.java:73)
	at org.mybatis.spring.SqlSessionTemplate$SqlSessionInterceptor.invoke(SqlSessionTemplate.java:446)
	at com.sun.proxy.$Proxy49.insert(Unknown Source)
	at org.mybatis.spring.SqlSessionTemplate.insert(SqlSessionTemplate.java:278)
	at org.apache.ibatis.binding.MapperMethod.execute(MapperMethod.java:59)
	at org.apache.ibatis.binding.MapperProxy.invoke(MapperProxy.java:58)
	at com.sun.proxy.$Proxy53.insertNews(Unknown Source)
	at club.p9j7.spider.SinaPipeline.process(SinaPipeline.java:20)
	at us.codecraft.webmagic.Spider.onDownloadSuccess(Spider.java:418)
	at us.codecraft.webmagic.Spider.processRequest(Spider.java:406)
	at us.codecraft.webmagic.Spider.access$000(Spider.java:61)
	at us.codecraft.webmagic.Spider$1.run(Spider.java:320)
	at us.codecraft.webmagic.thread.CountableThreadPool$1.run(CountableThreadPool.java:74)
	at java.util.concurrent.ThreadPoolExecutor.runWorker(ThreadPoolExecutor.java:1142)
	at java.util.concurrent.ThreadPoolExecutor$Worker.run(ThreadPoolExecutor.java:617)
	at java.lang.Thread.run(Thread.java:745)
Caused by: java.sql.SQLException: Incorrect string value: '\xF0\x9F\x93\x85\xE4\xB8...' for column 'content' at row 1
	at com.mysql.cj.jdbc.exceptions.SQLError.createSQLException(SQLError.java:129)
	at com.mysql.cj.jdbc.exceptions.SQLError.createSQLException(SQLError.java:97)
	at com.mysql.cj.jdbc.exceptions.SQLExceptionsMapping.translateException(SQLExceptionsMapping.java:122)
	at com.mysql.cj.jdbc.ClientPreparedStatement.executeInternal(ClientPreparedStatement.java:970)
	at com.mysql.cj.jdbc.ClientPreparedStatement.execute(ClientPreparedStatement.java:387)
	at com.zaxxer.hikari.pool.ProxyPreparedStatement.execute(ProxyPreparedStatement.java:44)
	at com.zaxxer.hikari.pool.HikariProxyPreparedStatement.execute(HikariProxyPreparedStatement.java)
	at sun.reflect.GeneratedMethodAccessor16.invoke(Unknown Source)
	at sun.reflect.DelegatingMethodAccessorImpl.invoke(DelegatingMethodAccessorImpl.java:43)
	at java.lang.reflect.Method.invoke(Method.java:498)
	at org.apache.ibatis.logging.jdbc.PreparedStatementLogger.invoke(PreparedStatementLogger.java:59)
	at com.sun.proxy.$Proxy68.execute(Unknown Source)
	at org.apache.ibatis.executor.statement.PreparedStatementHandler.update(PreparedStatementHandler.java:47)
	at org.apache.ibatis.executor.statement.RoutingStatementHandler.update(RoutingStatementHandler.java:74)
	at org.apache.ibatis.executor.SimpleExecutor.doUpdate(SimpleExecutor.java:50)
	at org.apache.ibatis.executor.BaseExecutor.update(BaseExecutor.java:117)
	at org.apache.ibatis.executor.CachingExecutor.update(CachingExecutor.java:76)
	at org.apache.ibatis.session.defaults.DefaultSqlSession.update(DefaultSqlSession.java:198)
	at org.apache.ibatis.session.defaults.DefaultSqlSession.insert(DefaultSqlSession.java:185)
	at sun.reflect.GeneratedMethodAccessor19.invoke(Unknown Source)
	at sun.reflect.DelegatingMethodAccessorImpl.invoke(DelegatingMethodAccessorImpl.java:43)
	at java.lang.reflect.Method.invoke(Method.java:498)
	at org.mybatis.spring.SqlSessionTemplate$SqlSessionInterceptor.invoke(SqlSessionTemplate.java:433)
	... 14 common frames omitted

2019-05-07 06:55:54.504 ERROR 6296 --- [pool-2-thread-4] us.codecraft.webmagic.Spider             : process request Request{url='https://news.sina.com.cn/c/2019-05-05/doc-ihvhiqax6691950.shtml', method='null', extras=null, priority=0, headers={}, cookies={}} error

org.springframework.jdbc.UncategorizedSQLException: 
### Error updating database.  Cause: java.sql.SQLException: Incorrect string value: '\xF0\x9F\x92\xAA\xE6\x9C...' for column 'content' at row 1
### The error may exist in club/p9j7/mapper/SinaNewsMapper.java (best guess)
### The error may involve club.p9j7.mapper.SinaNewsMapper.insertNews-Inline
### The error occurred while setting parameters
### SQL: insert into sinanews(title,content,keyword,newsTime) value (?,?,?,?)
### Cause: java.sql.SQLException: Incorrect string value: '\xF0\x9F\x92\xAA\xE6\x9C...' for column 'content' at row 1
; uncategorized SQLException; SQL state [HY000]; error code [1366]; Incorrect string value: '\xF0\x9F\x92\xAA\xE6\x9C...' for column 'content' at row 1; nested exception is java.sql.SQLException: Incorrect string value: '\xF0\x9F\x92\xAA\xE6\x9C...' for column 'content' at row 1
	at org.springframework.jdbc.support.AbstractFallbackSQLExceptionTranslator.translate(AbstractFallbackSQLExceptionTranslator.java:89)
	at org.springframework.jdbc.support.AbstractFallbackSQLExceptionTranslator.translate(AbstractFallbackSQLExceptionTranslator.java:81)
	at org.springframework.jdbc.support.AbstractFallbackSQLExceptionTranslator.translate(AbstractFallbackSQLExceptionTranslator.java:81)
	at org.mybatis.spring.MyBatisExceptionTranslator.translateExceptionIfPossible(MyBatisExceptionTranslator.java:73)
	at org.mybatis.spring.SqlSessionTemplate$SqlSessionInterceptor.invoke(SqlSessionTemplate.java:446)
	at com.sun.proxy.$Proxy49.insert(Unknown Source)
	at org.mybatis.spring.SqlSessionTemplate.insert(SqlSessionTemplate.java:278)
	at org.apache.ibatis.binding.MapperMethod.execute(MapperMethod.java:59)
	at org.apache.ibatis.binding.MapperProxy.invoke(MapperProxy.java:58)
	at com.sun.proxy.$Proxy53.insertNews(Unknown Source)
	at club.p9j7.spider.SinaPipeline.process(SinaPipeline.java:20)
	at us.codecraft.webmagic.Spider.onDownloadSuccess(Spider.java:418)
	at us.codecraft.webmagic.Spider.processRequest(Spider.java:406)
	at us.codecraft.webmagic.Spider.access$000(Spider.java:61)
	at us.codecraft.webmagic.Spider$1.run(Spider.java:320)
	at us.codecraft.webmagic.thread.CountableThreadPool$1.run(CountableThreadPool.java:74)
	at java.util.concurrent.ThreadPoolExecutor.runWorker(ThreadPoolExecutor.java:1142)
	at java.util.concurrent.ThreadPoolExecutor$Worker.run(ThreadPoolExecutor.java:617)
	at java.lang.Thread.run(Thread.java:745)
Caused by: java.sql.SQLException: Incorrect string value: '\xF0\x9F\x92\xAA\xE6\x9C...' for column 'content' at row 1
	at com.mysql.cj.jdbc.exceptions.SQLError.createSQLException(SQLError.java:129)
	at com.mysql.cj.jdbc.exceptions.SQLError.createSQLException(SQLError.java:97)
	at com.mysql.cj.jdbc.exceptions.SQLExceptionsMapping.translateException(SQLExceptionsMapping.java:122)
	at com.mysql.cj.jdbc.ClientPreparedStatement.executeInternal(ClientPreparedStatement.java:970)
	at com.mysql.cj.jdbc.ClientPreparedStatement.execute(ClientPreparedStatement.java:387)
	at com.zaxxer.hikari.pool.ProxyPreparedStatement.execute(ProxyPreparedStatement.java:44)
	at com.zaxxer.hikari.pool.HikariProxyPreparedStatement.execute(HikariProxyPreparedStatement.java)
	at sun.reflect.GeneratedMethodAccessor16.invoke(Unknown Source)
	at sun.reflect.DelegatingMethodAccessorImpl.invoke(DelegatingMethodAccessorImpl.java:43)
	at java.lang.reflect.Method.invoke(Method.java:498)
	at org.apache.ibatis.logging.jdbc.PreparedStatementLogger.invoke(PreparedStatementLogger.java:59)
	at com.sun.proxy.$Proxy68.execute(Unknown Source)
	at org.apache.ibatis.executor.statement.PreparedStatementHandler.update(PreparedStatementHandler.java:47)
	at org.apache.ibatis.executor.statement.RoutingStatementHandler.update(RoutingStatementHandler.java:74)
	at org.apache.ibatis.executor.SimpleExecutor.doUpdate(SimpleExecutor.java:50)
	at org.apache.ibatis.executor.BaseExecutor.update(BaseExecutor.java:117)
	at org.apache.ibatis.executor.CachingExecutor.update(CachingExecutor.java:76)
	at org.apache.ibatis.session.defaults.DefaultSqlSession.update(DefaultSqlSession.java:198)
	at org.apache.ibatis.session.defaults.DefaultSqlSession.insert(DefaultSqlSession.java:185)
	at sun.reflect.GeneratedMethodAccessor19.invoke(Unknown Source)
	at sun.reflect.DelegatingMethodAccessorImpl.invoke(DelegatingMethodAccessorImpl.java:43)
	at java.lang.reflect.Method.invoke(Method.java:498)
	at org.mybatis.spring.SqlSessionTemplate$SqlSessionInterceptor.invoke(SqlSessionTemplate.java:433)
	... 14 common frames omitted

2019-05-07 06:55:54.986 ERROR 6296 --- [pool-2-thread-4] us.codecraft.webmagic.Spider             : process request Request{url='https://tech.sina.com.cn/it/2019-05-05/doc-ihvhiqax6689841.shtml', method='null', extras=null, priority=0, headers={}, cookies={}} error

java.lang.NullPointerException: text
	at java.util.Objects.requireNonNull(Objects.java:228)
	at java.time.format.DateTimeFormatter.parse(DateTimeFormatter.java:1848)
	at java.time.LocalDateTime.parse(LocalDateTime.java:492)
	at club.p9j7.spider.SinaSpider.process(SinaSpider.java:52)
	at us.codecraft.webmagic.Spider.onDownloadSuccess(Spider.java:414)
	at us.codecraft.webmagic.Spider.processRequest(Spider.java:406)
	at us.codecraft.webmagic.Spider.access$000(Spider.java:61)
	at us.codecraft.webmagic.Spider$1.run(Spider.java:320)
	at us.codecraft.webmagic.thread.CountableThreadPool$1.run(CountableThreadPool.java:74)
	at java.util.concurrent.ThreadPoolExecutor.runWorker(ThreadPoolExecutor.java:1142)
	at java.util.concurrent.ThreadPoolExecutor$Worker.run(ThreadPoolExecutor.java:617)
	at java.lang.Thread.run(Thread.java:745)

2019-05-07 06:55:55.661 ERROR 6296 --- [pool-2-thread-3] us.codecraft.webmagic.Spider             : process request Request{url='https://tech.sina.com.cn/it/2019-05-05/doc-ihvhiqax6687460.shtml', method='null', extras=null, priority=0, headers={}, cookies={}} error

java.lang.NullPointerException: text
	at java.util.Objects.requireNonNull(Objects.java:228)
	at java.time.format.DateTimeFormatter.parse(DateTimeFormatter.java:1848)
	at java.time.LocalDateTime.parse(LocalDateTime.java:492)
	at club.p9j7.spider.SinaSpider.process(SinaSpider.java:52)
	at us.codecraft.webmagic.Spider.onDownloadSuccess(Spider.java:414)
	at us.codecraft.webmagic.Spider.processRequest(Spider.java:406)
	at us.codecraft.webmagic.Spider.access$000(Spider.java:61)
	at us.codecraft.webmagic.Spider$1.run(Spider.java:320)
	at us.codecraft.webmagic.thread.CountableThreadPool$1.run(CountableThreadPool.java:74)
	at java.util.concurrent.ThreadPoolExecutor.runWorker(ThreadPoolExecutor.java:1142)
	at java.util.concurrent.ThreadPoolExecutor$Worker.run(ThreadPoolExecutor.java:617)
	at java.lang.Thread.run(Thread.java:745)

2019-05-07 06:55:58.686 ERROR 6296 --- [pool-2-thread-1] us.codecraft.webmagic.Spider             : process request Request{url='https://tech.sina.com.cn/apple/if/2019-05-05/doc-ihvhiewr9864787.shtml', method='null', extras=null, priority=0, headers={}, cookies={}} error

java.lang.NullPointerException: text
	at java.util.Objects.requireNonNull(Objects.java:228)
	at java.time.format.DateTimeFormatter.parse(DateTimeFormatter.java:1848)
	at java.time.LocalDateTime.parse(LocalDateTime.java:492)
	at club.p9j7.spider.SinaSpider.process(SinaSpider.java:52)
	at us.codecraft.webmagic.Spider.onDownloadSuccess(Spider.java:414)
	at us.codecraft.webmagic.Spider.processRequest(Spider.java:406)
	at us.codecraft.webmagic.Spider.access$000(Spider.java:61)
	at us.codecraft.webmagic.Spider$1.run(Spider.java:320)
	at us.codecraft.webmagic.thread.CountableThreadPool$1.run(CountableThreadPool.java:74)
	at java.util.concurrent.ThreadPoolExecutor.runWorker(ThreadPoolExecutor.java:1142)
	at java.util.concurrent.ThreadPoolExecutor$Worker.run(ThreadPoolExecutor.java:617)
	at java.lang.Thread.run(Thread.java:745)

2019-05-07 06:56:00.008 ERROR 6296 --- [pool-2-thread-1] us.codecraft.webmagic.Spider             : process request Request{url='https://tech.sina.com.cn/mobile/n/n/2019-05-05/doc-ihvhiewr9859023.shtml', method='null', extras=null, priority=0, headers={}, cookies={}} error

java.lang.NullPointerException: text
	at java.util.Objects.requireNonNull(Objects.java:228)
	at java.time.format.DateTimeFormatter.parse(DateTimeFormatter.java:1848)
	at java.time.LocalDateTime.parse(LocalDateTime.java:492)
	at club.p9j7.spider.SinaSpider.process(SinaSpider.java:52)
	at us.codecraft.webmagic.Spider.onDownloadSuccess(Spider.java:414)
	at us.codecraft.webmagic.Spider.processRequest(Spider.java:406)
	at us.codecraft.webmagic.Spider.access$000(Spider.java:61)
	at us.codecraft.webmagic.Spider$1.run(Spider.java:320)
	at us.codecraft.webmagic.thread.CountableThreadPool$1.run(CountableThreadPool.java:74)
	at java.util.concurrent.ThreadPoolExecutor.runWorker(ThreadPoolExecutor.java:1142)
	at java.util.concurrent.ThreadPoolExecutor$Worker.run(ThreadPoolExecutor.java:617)
	at java.lang.Thread.run(Thread.java:745)

2019-05-07 06:56:01.175 ERROR 6296 --- [pool-2-thread-5] us.codecraft.webmagic.Spider             : process request Request{url='https://tech.sina.com.cn/mobile/n/n/2019-05-05/doc-ihvhiewr9855891.shtml', method='null', extras=null, priority=0, headers={}, cookies={}} error

java.lang.NullPointerException: text
	at java.util.Objects.requireNonNull(Objects.java:228)
	at java.time.format.DateTimeFormatter.parse(DateTimeFormatter.java:1848)
	at java.time.LocalDateTime.parse(LocalDateTime.java:492)
	at club.p9j7.spider.SinaSpider.process(SinaSpider.java:52)
	at us.codecraft.webmagic.Spider.onDownloadSuccess(Spider.java:414)
	at us.codecraft.webmagic.Spider.processRequest(Spider.java:406)
	at us.codecraft.webmagic.Spider.access$000(Spider.java:61)
	at us.codecraft.webmagic.Spider$1.run(Spider.java:320)
	at us.codecraft.webmagic.thread.CountableThreadPool$1.run(CountableThreadPool.java:74)
	at java.util.concurrent.ThreadPoolExecutor.runWorker(ThreadPoolExecutor.java:1142)
	at java.util.concurrent.ThreadPoolExecutor$Worker.run(ThreadPoolExecutor.java:617)
	at java.lang.Thread.run(Thread.java:745)

2019-05-07 06:56:02.376 ERROR 6296 --- [pool-2-thread-5] us.codecraft.webmagic.Spider             : process request Request{url='https://tech.sina.com.cn/mobile/n/n/2019-05-05/doc-ihvhiewr9853485.shtml', method='null', extras=null, priority=0, headers={}, cookies={}} error

java.lang.NullPointerException: text
	at java.util.Objects.requireNonNull(Objects.java:228)
	at java.time.format.DateTimeFormatter.parse(DateTimeFormatter.java:1848)
	at java.time.LocalDateTime.parse(LocalDateTime.java:492)
	at club.p9j7.spider.SinaSpider.process(SinaSpider.java:52)
	at us.codecraft.webmagic.Spider.onDownloadSuccess(Spider.java:414)
	at us.codecraft.webmagic.Spider.processRequest(Spider.java:406)
	at us.codecraft.webmagic.Spider.access$000(Spider.java:61)
	at us.codecraft.webmagic.Spider$1.run(Spider.java:320)
	at us.codecraft.webmagic.thread.CountableThreadPool$1.run(CountableThreadPool.java:74)
	at java.util.concurrent.ThreadPoolExecutor.runWorker(ThreadPoolExecutor.java:1142)
	at java.util.concurrent.ThreadPoolExecutor$Worker.run(ThreadPoolExecutor.java:617)
	at java.lang.Thread.run(Thread.java:745)

2019-05-07 06:56:02.966 ERROR 6296 --- [pool-2-thread-1] us.codecraft.webmagic.Spider             : process request Request{url='https://tech.sina.com.cn/it/2019-05-05/doc-ihvhiqax6662947.shtml', method='null', extras=null, priority=0, headers={}, cookies={}} error

java.lang.NullPointerException: text
	at java.util.Objects.requireNonNull(Objects.java:228)
	at java.time.format.DateTimeFormatter.parse(DateTimeFormatter.java:1848)
	at java.time.LocalDateTime.parse(LocalDateTime.java:492)
	at club.p9j7.spider.SinaSpider.process(SinaSpider.java:52)
	at us.codecraft.webmagic.Spider.onDownloadSuccess(Spider.java:414)
	at us.codecraft.webmagic.Spider.processRequest(Spider.java:406)
	at us.codecraft.webmagic.Spider.access$000(Spider.java:61)
	at us.codecraft.webmagic.Spider$1.run(Spider.java:320)
	at us.codecraft.webmagic.thread.CountableThreadPool$1.run(CountableThreadPool.java:74)
	at java.util.concurrent.ThreadPoolExecutor.runWorker(ThreadPoolExecutor.java:1142)
	at java.util.concurrent.ThreadPoolExecutor$Worker.run(ThreadPoolExecutor.java:617)
	at java.lang.Thread.run(Thread.java:745)

2019-05-07 06:56:07.454 ERROR 6296 --- [pool-2-thread-1] us.codecraft.webmagic.Spider             : process request Request{url='https://tech.sina.com.cn/it/2019-05-05/doc-ihvhiqax6661210.shtml', method='null', extras=null, priority=0, headers={}, cookies={}} error

java.lang.NullPointerException: text
	at java.util.Objects.requireNonNull(Objects.java:228)
	at java.time.format.DateTimeFormatter.parse(DateTimeFormatter.java:1848)
	at java.time.LocalDateTime.parse(LocalDateTime.java:492)
	at club.p9j7.spider.SinaSpider.process(SinaSpider.java:52)
	at us.codecraft.webmagic.Spider.onDownloadSuccess(Spider.java:414)
	at us.codecraft.webmagic.Spider.processRequest(Spider.java:406)
	at us.codecraft.webmagic.Spider.access$000(Spider.java:61)
	at us.codecraft.webmagic.Spider$1.run(Spider.java:320)
	at us.codecraft.webmagic.thread.CountableThreadPool$1.run(CountableThreadPool.java:74)
	at java.util.concurrent.ThreadPoolExecutor.runWorker(ThreadPoolExecutor.java:1142)
	at java.util.concurrent.ThreadPoolExecutor$Worker.run(ThreadPoolExecutor.java:617)
	at java.lang.Thread.run(Thread.java:745)

2019-05-07 06:56:08.009 ERROR 6296 --- [pool-2-thread-3] us.codecraft.webmagic.Spider             : process request Request{url='https://finance.sina.com.cn/stock/usstock/c/2019-05-05/doc-ihvhiewr9845507.shtml', method='null', extras=null, priority=0, headers={}, cookies={}} error

org.springframework.dao.DataIntegrityViolationException: 
### Error updating database.  Cause: com.mysql.cj.jdbc.exceptions.MysqlDataTruncation: Data truncation: Data too long for column 'content' at row 1
### The error may exist in club/p9j7/mapper/SinaNewsMapper.java (best guess)
### The error may involve club.p9j7.mapper.SinaNewsMapper.insertNews-Inline
### The error occurred while setting parameters
### SQL: insert into sinanews(title,content,keyword,newsTime) value (?,?,?,?)
### Cause: com.mysql.cj.jdbc.exceptions.MysqlDataTruncation: Data truncation: Data too long for column 'content' at row 1
; Data truncation: Data too long for column 'content' at row 1; nested exception is com.mysql.cj.jdbc.exceptions.MysqlDataTruncation: Data truncation: Data too long for column 'content' at row 1
	at org.springframework.jdbc.support.SQLStateSQLExceptionTranslator.doTranslate(SQLStateSQLExceptionTranslator.java:104)
	at org.springframework.jdbc.support.AbstractFallbackSQLExceptionTranslator.translate(AbstractFallbackSQLExceptionTranslator.java:72)
	at org.springframework.jdbc.support.AbstractFallbackSQLExceptionTranslator.translate(AbstractFallbackSQLExceptionTranslator.java:81)
	at org.springframework.jdbc.support.AbstractFallbackSQLExceptionTranslator.translate(AbstractFallbackSQLExceptionTranslator.java:81)
	at org.mybatis.spring.MyBatisExceptionTranslator.translateExceptionIfPossible(MyBatisExceptionTranslator.java:73)
	at org.mybatis.spring.SqlSessionTemplate$SqlSessionInterceptor.invoke(SqlSessionTemplate.java:446)
	at com.sun.proxy.$Proxy49.insert(Unknown Source)
	at org.mybatis.spring.SqlSessionTemplate.insert(SqlSessionTemplate.java:278)
	at org.apache.ibatis.binding.MapperMethod.execute(MapperMethod.java:59)
	at org.apache.ibatis.binding.MapperProxy.invoke(MapperProxy.java:58)
	at com.sun.proxy.$Proxy53.insertNews(Unknown Source)
	at club.p9j7.spider.SinaPipeline.process(SinaPipeline.java:20)
	at us.codecraft.webmagic.Spider.onDownloadSuccess(Spider.java:418)
	at us.codecraft.webmagic.Spider.processRequest(Spider.java:406)
	at us.codecraft.webmagic.Spider.access$000(Spider.java:61)
	at us.codecraft.webmagic.Spider$1.run(Spider.java:320)
	at us.codecraft.webmagic.thread.CountableThreadPool$1.run(CountableThreadPool.java:74)
	at java.util.concurrent.ThreadPoolExecutor.runWorker(ThreadPoolExecutor.java:1142)
	at java.util.concurrent.ThreadPoolExecutor$Worker.run(ThreadPoolExecutor.java:617)
	at java.lang.Thread.run(Thread.java:745)
Caused by: com.mysql.cj.jdbc.exceptions.MysqlDataTruncation: Data truncation: Data too long for column 'content' at row 1
	at com.mysql.cj.jdbc.exceptions.SQLExceptionsMapping.translateException(SQLExceptionsMapping.java:104)
	at com.mysql.cj.jdbc.ClientPreparedStatement.executeInternal(ClientPreparedStatement.java:970)
	at com.mysql.cj.jdbc.ClientPreparedStatement.execute(ClientPreparedStatement.java:387)
	at com.zaxxer.hikari.pool.ProxyPreparedStatement.execute(ProxyPreparedStatement.java:44)
	at com.zaxxer.hikari.pool.HikariProxyPreparedStatement.execute(HikariProxyPreparedStatement.java)
	at sun.reflect.GeneratedMethodAccessor16.invoke(Unknown Source)
	at sun.reflect.DelegatingMethodAccessorImpl.invoke(DelegatingMethodAccessorImpl.java:43)
	at java.lang.reflect.Method.invoke(Method.java:498)
	at org.apache.ibatis.logging.jdbc.PreparedStatementLogger.invoke(PreparedStatementLogger.java:59)
	at com.sun.proxy.$Proxy68.execute(Unknown Source)
	at org.apache.ibatis.executor.statement.PreparedStatementHandler.update(PreparedStatementHandler.java:47)
	at org.apache.ibatis.executor.statement.RoutingStatementHandler.update(RoutingStatementHandler.java:74)
	at org.apache.ibatis.executor.SimpleExecutor.doUpdate(SimpleExecutor.java:50)
	at org.apache.ibatis.executor.BaseExecutor.update(BaseExecutor.java:117)
	at org.apache.ibatis.executor.CachingExecutor.update(CachingExecutor.java:76)
	at org.apache.ibatis.session.defaults.DefaultSqlSession.update(DefaultSqlSession.java:198)
	at org.apache.ibatis.session.defaults.DefaultSqlSession.insert(DefaultSqlSession.java:185)
	at sun.reflect.GeneratedMethodAccessor19.invoke(Unknown Source)
	at sun.reflect.DelegatingMethodAccessorImpl.invoke(DelegatingMethodAccessorImpl.java:43)
	at java.lang.reflect.Method.invoke(Method.java:498)
	at org.mybatis.spring.SqlSessionTemplate$SqlSessionInterceptor.invoke(SqlSessionTemplate.java:433)
	... 14 common frames omitted

2019-05-07 06:56:26.758 ERROR 6296 --- [pool-2-thread-1] us.codecraft.webmagic.Spider             : process request Request{url='https://tech.sina.com.cn/mobile/n/n/2019-05-04/doc-ihvhiqax6522475.shtml', method='null', extras=null, priority=0, headers={}, cookies={}} error

java.lang.NullPointerException: text
	at java.util.Objects.requireNonNull(Objects.java:228)
	at java.time.format.DateTimeFormatter.parse(DateTimeFormatter.java:1848)
	at java.time.LocalDateTime.parse(LocalDateTime.java:492)
	at club.p9j7.spider.SinaSpider.process(SinaSpider.java:52)
	at us.codecraft.webmagic.Spider.onDownloadSuccess(Spider.java:414)
	at us.codecraft.webmagic.Spider.processRequest(Spider.java:406)
	at us.codecraft.webmagic.Spider.access$000(Spider.java:61)
	at us.codecraft.webmagic.Spider$1.run(Spider.java:320)
	at us.codecraft.webmagic.thread.CountableThreadPool$1.run(CountableThreadPool.java:74)
	at java.util.concurrent.ThreadPoolExecutor.runWorker(ThreadPoolExecutor.java:1142)
	at java.util.concurrent.ThreadPoolExecutor$Worker.run(ThreadPoolExecutor.java:617)
	at java.lang.Thread.run(Thread.java:745)

2019-05-07 06:56:55.112 ERROR 6296 --- [pool-2-thread-2] us.codecraft.webmagic.Spider             : process request Request{url='https://finance.sina.com.cn/china/gncj/2019-05-03/doc-ihvhiqax6378115.shtml', method='null', extras=null, priority=0, headers={}, cookies={}} error

org.springframework.jdbc.UncategorizedSQLException: 
### Error updating database.  Cause: java.sql.SQLException: Incorrect string value: '\xF0\x9F\x91\x87, ...' for column 'content' at row 1
### The error may exist in club/p9j7/mapper/SinaNewsMapper.java (best guess)
### The error may involve club.p9j7.mapper.SinaNewsMapper.insertNews-Inline
### The error occurred while setting parameters
### SQL: insert into sinanews(title,content,keyword,newsTime) value (?,?,?,?)
### Cause: java.sql.SQLException: Incorrect string value: '\xF0\x9F\x91\x87, ...' for column 'content' at row 1
; uncategorized SQLException; SQL state [HY000]; error code [1366]; Incorrect string value: '\xF0\x9F\x91\x87, ...' for column 'content' at row 1; nested exception is java.sql.SQLException: Incorrect string value: '\xF0\x9F\x91\x87, ...' for column 'content' at row 1
	at org.springframework.jdbc.support.AbstractFallbackSQLExceptionTranslator.translate(AbstractFallbackSQLExceptionTranslator.java:89)
	at org.springframework.jdbc.support.AbstractFallbackSQLExceptionTranslator.translate(AbstractFallbackSQLExceptionTranslator.java:81)
	at org.springframework.jdbc.support.AbstractFallbackSQLExceptionTranslator.translate(AbstractFallbackSQLExceptionTranslator.java:81)
	at org.mybatis.spring.MyBatisExceptionTranslator.translateExceptionIfPossible(MyBatisExceptionTranslator.java:73)
	at org.mybatis.spring.SqlSessionTemplate$SqlSessionInterceptor.invoke(SqlSessionTemplate.java:446)
	at com.sun.proxy.$Proxy49.insert(Unknown Source)
	at org.mybatis.spring.SqlSessionTemplate.insert(SqlSessionTemplate.java:278)
	at org.apache.ibatis.binding.MapperMethod.execute(MapperMethod.java:59)
	at org.apache.ibatis.binding.MapperProxy.invoke(MapperProxy.java:58)
	at com.sun.proxy.$Proxy53.insertNews(Unknown Source)
	at club.p9j7.spider.SinaPipeline.process(SinaPipeline.java:20)
	at us.codecraft.webmagic.Spider.onDownloadSuccess(Spider.java:418)
	at us.codecraft.webmagic.Spider.processRequest(Spider.java:406)
	at us.codecraft.webmagic.Spider.access$000(Spider.java:61)
	at us.codecraft.webmagic.Spider$1.run(Spider.java:320)
	at us.codecraft.webmagic.thread.CountableThreadPool$1.run(CountableThreadPool.java:74)
	at java.util.concurrent.ThreadPoolExecutor.runWorker(ThreadPoolExecutor.java:1142)
	at java.util.concurrent.ThreadPoolExecutor$Worker.run(ThreadPoolExecutor.java:617)
	at java.lang.Thread.run(Thread.java:745)
Caused by: java.sql.SQLException: Incorrect string value: '\xF0\x9F\x91\x87, ...' for column 'content' at row 1
	at com.mysql.cj.jdbc.exceptions.SQLError.createSQLException(SQLError.java:129)
	at com.mysql.cj.jdbc.exceptions.SQLError.createSQLException(SQLError.java:97)
	at com.mysql.cj.jdbc.exceptions.SQLExceptionsMapping.translateException(SQLExceptionsMapping.java:122)
	at com.mysql.cj.jdbc.ClientPreparedStatement.executeInternal(ClientPreparedStatement.java:970)
	at com.mysql.cj.jdbc.ClientPreparedStatement.execute(ClientPreparedStatement.java:387)
	at com.zaxxer.hikari.pool.ProxyPreparedStatement.execute(ProxyPreparedStatement.java:44)
	at com.zaxxer.hikari.pool.HikariProxyPreparedStatement.execute(HikariProxyPreparedStatement.java)
	at sun.reflect.GeneratedMethodAccessor16.invoke(Unknown Source)
	at sun.reflect.DelegatingMethodAccessorImpl.invoke(DelegatingMethodAccessorImpl.java:43)
	at java.lang.reflect.Method.invoke(Method.java:498)
	at org.apache.ibatis.logging.jdbc.PreparedStatementLogger.invoke(PreparedStatementLogger.java:59)
	at com.sun.proxy.$Proxy68.execute(Unknown Source)
	at org.apache.ibatis.executor.statement.PreparedStatementHandler.update(PreparedStatementHandler.java:47)
	at org.apache.ibatis.executor.statement.RoutingStatementHandler.update(RoutingStatementHandler.java:74)
	at org.apache.ibatis.executor.SimpleExecutor.doUpdate(SimpleExecutor.java:50)
	at org.apache.ibatis.executor.BaseExecutor.update(BaseExecutor.java:117)
	at org.apache.ibatis.executor.CachingExecutor.update(CachingExecutor.java:76)
	at org.apache.ibatis.session.defaults.DefaultSqlSession.update(DefaultSqlSession.java:198)
	at org.apache.ibatis.session.defaults.DefaultSqlSession.insert(DefaultSqlSession.java:185)
	at sun.reflect.GeneratedMethodAccessor19.invoke(Unknown Source)
	at sun.reflect.DelegatingMethodAccessorImpl.invoke(DelegatingMethodAccessorImpl.java:43)
	at java.lang.reflect.Method.invoke(Method.java:498)
	at org.mybatis.spring.SqlSessionTemplate$SqlSessionInterceptor.invoke(SqlSessionTemplate.java:433)
	... 14 common frames omitted

2019-05-07 06:56:55.145 ERROR 6296 --- [pool-2-thread-2] us.codecraft.webmagic.Spider             : process request Request{url='https://tech.sina.com.cn/mobile/n/n/2019-05-03/doc-ihvhiewr9567981.shtml', method='null', extras=null, priority=0, headers={}, cookies={}} error

java.lang.NullPointerException: text
	at java.util.Objects.requireNonNull(Objects.java:228)
	at java.time.format.DateTimeFormatter.parse(DateTimeFormatter.java:1848)
	at java.time.LocalDateTime.parse(LocalDateTime.java:492)
	at club.p9j7.spider.SinaSpider.process(SinaSpider.java:52)
	at us.codecraft.webmagic.Spider.onDownloadSuccess(Spider.java:414)
	at us.codecraft.webmagic.Spider.processRequest(Spider.java:406)
	at us.codecraft.webmagic.Spider.access$000(Spider.java:61)
	at us.codecraft.webmagic.Spider$1.run(Spider.java:320)
	at us.codecraft.webmagic.thread.CountableThreadPool$1.run(CountableThreadPool.java:74)
	at java.util.concurrent.ThreadPoolExecutor.runWorker(ThreadPoolExecutor.java:1142)
	at java.util.concurrent.ThreadPoolExecutor$Worker.run(ThreadPoolExecutor.java:617)
	at java.lang.Thread.run(Thread.java:745)

2019-05-07 06:56:55.315 ERROR 6296 --- [pool-2-thread-4] us.codecraft.webmagic.Spider             : process request Request{url='https://tech.sina.com.cn/mobile/n/n/2019-05-03/doc-ihvhiewr9567242.shtml', method='null', extras=null, priority=0, headers={}, cookies={}} error

java.lang.NullPointerException: text
	at java.util.Objects.requireNonNull(Objects.java:228)
	at java.time.format.DateTimeFormatter.parse(DateTimeFormatter.java:1848)
	at java.time.LocalDateTime.parse(LocalDateTime.java:492)
	at club.p9j7.spider.SinaSpider.process(SinaSpider.java:52)
	at us.codecraft.webmagic.Spider.onDownloadSuccess(Spider.java:414)
	at us.codecraft.webmagic.Spider.processRequest(Spider.java:406)
	at us.codecraft.webmagic.Spider.access$000(Spider.java:61)
	at us.codecraft.webmagic.Spider$1.run(Spider.java:320)
	at us.codecraft.webmagic.thread.CountableThreadPool$1.run(CountableThreadPool.java:74)
	at java.util.concurrent.ThreadPoolExecutor.runWorker(ThreadPoolExecutor.java:1142)
	at java.util.concurrent.ThreadPoolExecutor$Worker.run(ThreadPoolExecutor.java:617)
	at java.lang.Thread.run(Thread.java:745)

2019-05-07 06:56:55.347 ERROR 6296 --- [pool-2-thread-3] us.codecraft.webmagic.Spider             : process request Request{url='https://tech.sina.com.cn/mobile/n/n/2019-05-03/doc-ihvhiqax6376693.shtml', method='null', extras=null, priority=0, headers={}, cookies={}} error

java.lang.NullPointerException: text
	at java.util.Objects.requireNonNull(Objects.java:228)
	at java.time.format.DateTimeFormatter.parse(DateTimeFormatter.java:1848)
	at java.time.LocalDateTime.parse(LocalDateTime.java:492)
	at club.p9j7.spider.SinaSpider.process(SinaSpider.java:52)
	at us.codecraft.webmagic.Spider.onDownloadSuccess(Spider.java:414)
	at us.codecraft.webmagic.Spider.processRequest(Spider.java:406)
	at us.codecraft.webmagic.Spider.access$000(Spider.java:61)
	at us.codecraft.webmagic.Spider$1.run(Spider.java:320)
	at us.codecraft.webmagic.thread.CountableThreadPool$1.run(CountableThreadPool.java:74)
	at java.util.concurrent.ThreadPoolExecutor.runWorker(ThreadPoolExecutor.java:1142)
	at java.util.concurrent.ThreadPoolExecutor$Worker.run(ThreadPoolExecutor.java:617)
	at java.lang.Thread.run(Thread.java:745)

2019-05-07 06:57:17.553 ERROR 6296 --- [pool-2-thread-2] us.codecraft.webmagic.Spider             : process request Request{url='https://tech.sina.com.cn/it/2019-05-02/doc-ihvhiqax6245392.shtml', method='null', extras=null, priority=0, headers={}, cookies={}} error

java.lang.NullPointerException: text
	at java.util.Objects.requireNonNull(Objects.java:228)
	at java.time.format.DateTimeFormatter.parse(DateTimeFormatter.java:1848)
	at java.time.LocalDateTime.parse(LocalDateTime.java:492)
	at club.p9j7.spider.SinaSpider.process(SinaSpider.java:52)
	at us.codecraft.webmagic.Spider.onDownloadSuccess(Spider.java:414)
	at us.codecraft.webmagic.Spider.processRequest(Spider.java:406)
	at us.codecraft.webmagic.Spider.access$000(Spider.java:61)
	at us.codecraft.webmagic.Spider$1.run(Spider.java:320)
	at us.codecraft.webmagic.thread.CountableThreadPool$1.run(CountableThreadPool.java:74)
	at java.util.concurrent.ThreadPoolExecutor.runWorker(ThreadPoolExecutor.java:1142)
	at java.util.concurrent.ThreadPoolExecutor$Worker.run(ThreadPoolExecutor.java:617)
	at java.lang.Thread.run(Thread.java:745)

2019-05-07 06:57:19.752 ERROR 6296 --- [pool-2-thread-3] us.codecraft.webmagic.Spider             : process request Request{url='https://tech.sina.com.cn/it/2019-05-02/doc-ihvhiewr9436620.shtml', method='null', extras=null, priority=0, headers={}, cookies={}} error

java.lang.NullPointerException: text
	at java.util.Objects.requireNonNull(Objects.java:228)
	at java.time.format.DateTimeFormatter.parse(DateTimeFormatter.java:1848)
	at java.time.LocalDateTime.parse(LocalDateTime.java:492)
	at club.p9j7.spider.SinaSpider.process(SinaSpider.java:52)
	at us.codecraft.webmagic.Spider.onDownloadSuccess(Spider.java:414)
	at us.codecraft.webmagic.Spider.processRequest(Spider.java:406)
	at us.codecraft.webmagic.Spider.access$000(Spider.java:61)
	at us.codecraft.webmagic.Spider$1.run(Spider.java:320)
	at us.codecraft.webmagic.thread.CountableThreadPool$1.run(CountableThreadPool.java:74)
	at java.util.concurrent.ThreadPoolExecutor.runWorker(ThreadPoolExecutor.java:1142)
	at java.util.concurrent.ThreadPoolExecutor$Worker.run(ThreadPoolExecutor.java:617)
	at java.lang.Thread.run(Thread.java:745)

2019-05-07 06:57:19.926 ERROR 6296 --- [pool-2-thread-3] us.codecraft.webmagic.Spider             : process request Request{url='https://tech.sina.com.cn/it/2019-05-02/doc-ihvhiewr9424722.shtml', method='null', extras=null, priority=0, headers={}, cookies={}} error

java.lang.NullPointerException: text
	at java.util.Objects.requireNonNull(Objects.java:228)
	at java.time.format.DateTimeFormatter.parse(DateTimeFormatter.java:1848)
	at java.time.LocalDateTime.parse(LocalDateTime.java:492)
	at club.p9j7.spider.SinaSpider.process(SinaSpider.java:52)
	at us.codecraft.webmagic.Spider.onDownloadSuccess(Spider.java:414)
	at us.codecraft.webmagic.Spider.processRequest(Spider.java:406)
	at us.codecraft.webmagic.Spider.access$000(Spider.java:61)
	at us.codecraft.webmagic.Spider$1.run(Spider.java:320)
	at us.codecraft.webmagic.thread.CountableThreadPool$1.run(CountableThreadPool.java:74)
	at java.util.concurrent.ThreadPoolExecutor.runWorker(ThreadPoolExecutor.java:1142)
	at java.util.concurrent.ThreadPoolExecutor$Worker.run(ThreadPoolExecutor.java:617)
	at java.lang.Thread.run(Thread.java:745)

2019-05-07 06:57:22.164 ERROR 6296 --- [pool-2-thread-2] us.codecraft.webmagic.Spider             : process request Request{url='https://tech.sina.com.cn/it/2019-05-02/doc-ihvhiewr9416493.shtml', method='null', extras=null, priority=0, headers={}, cookies={}} error

java.lang.NullPointerException: text
	at java.util.Objects.requireNonNull(Objects.java:228)
	at java.time.format.DateTimeFormatter.parse(DateTimeFormatter.java:1848)
	at java.time.LocalDateTime.parse(LocalDateTime.java:492)
	at club.p9j7.spider.SinaSpider.process(SinaSpider.java:52)
	at us.codecraft.webmagic.Spider.onDownloadSuccess(Spider.java:414)
	at us.codecraft.webmagic.Spider.processRequest(Spider.java:406)
	at us.codecraft.webmagic.Spider.access$000(Spider.java:61)
	at us.codecraft.webmagic.Spider$1.run(Spider.java:320)
	at us.codecraft.webmagic.thread.CountableThreadPool$1.run(CountableThreadPool.java:74)
	at java.util.concurrent.ThreadPoolExecutor.runWorker(ThreadPoolExecutor.java:1142)
	at java.util.concurrent.ThreadPoolExecutor$Worker.run(ThreadPoolExecutor.java:617)
	at java.lang.Thread.run(Thread.java:745)

2019-05-07 06:57:25.731 ERROR 6296 --- [pool-2-thread-1] us.codecraft.webmagic.Spider             : process request Request{url='https://tech.sina.com.cn/mobile/n/n/2019-05-02/doc-ihvhiewr9362870.shtml', method='null', extras=null, priority=0, headers={}, cookies={}} error

java.lang.NullPointerException: text
	at java.util.Objects.requireNonNull(Objects.java:228)
	at java.time.format.DateTimeFormatter.parse(DateTimeFormatter.java:1848)
	at java.time.LocalDateTime.parse(LocalDateTime.java:492)
	at club.p9j7.spider.SinaSpider.process(SinaSpider.java:52)
	at us.codecraft.webmagic.Spider.onDownloadSuccess(Spider.java:414)
	at us.codecraft.webmagic.Spider.processRequest(Spider.java:406)
	at us.codecraft.webmagic.Spider.access$000(Spider.java:61)
	at us.codecraft.webmagic.Spider$1.run(Spider.java:320)
	at us.codecraft.webmagic.thread.CountableThreadPool$1.run(CountableThreadPool.java:74)
	at java.util.concurrent.ThreadPoolExecutor.runWorker(ThreadPoolExecutor.java:1142)
	at java.util.concurrent.ThreadPoolExecutor$Worker.run(ThreadPoolExecutor.java:617)
	at java.lang.Thread.run(Thread.java:745)

2019-05-07 06:57:25.985 ERROR 6296 --- [pool-2-thread-2] us.codecraft.webmagic.Spider             : process request Request{url='https://tech.sina.com.cn/mobile/n/n/2019-05-02/doc-ihvhiqax6171605.shtml', method='null', extras=null, priority=0, headers={}, cookies={}} error

java.lang.NullPointerException: text
	at java.util.Objects.requireNonNull(Objects.java:228)
	at java.time.format.DateTimeFormatter.parse(DateTimeFormatter.java:1848)
	at java.time.LocalDateTime.parse(LocalDateTime.java:492)
	at club.p9j7.spider.SinaSpider.process(SinaSpider.java:52)
	at us.codecraft.webmagic.Spider.onDownloadSuccess(Spider.java:414)
	at us.codecraft.webmagic.Spider.processRequest(Spider.java:406)
	at us.codecraft.webmagic.Spider.access$000(Spider.java:61)
	at us.codecraft.webmagic.Spider$1.run(Spider.java:320)
	at us.codecraft.webmagic.thread.CountableThreadPool$1.run(CountableThreadPool.java:74)
	at java.util.concurrent.ThreadPoolExecutor.runWorker(ThreadPoolExecutor.java:1142)
	at java.util.concurrent.ThreadPoolExecutor$Worker.run(ThreadPoolExecutor.java:617)
	at java.lang.Thread.run(Thread.java:745)

2019-05-07 06:57:30.179 ERROR 6296 --- [pool-2-thread-3] us.codecraft.webmagic.Spider             : process request Request{url='https://tech.sina.com.cn/t/2019-05-01/doc-ihvhiewr9355651.shtml', method='null', extras=null, priority=0, headers={}, cookies={}} error

java.lang.NullPointerException: text
	at java.util.Objects.requireNonNull(Objects.java:228)
	at java.time.format.DateTimeFormatter.parse(DateTimeFormatter.java:1848)
	at java.time.LocalDateTime.parse(LocalDateTime.java:492)
	at club.p9j7.spider.SinaSpider.process(SinaSpider.java:52)
	at us.codecraft.webmagic.Spider.onDownloadSuccess(Spider.java:414)
	at us.codecraft.webmagic.Spider.processRequest(Spider.java:406)
	at us.codecraft.webmagic.Spider.access$000(Spider.java:61)
	at us.codecraft.webmagic.Spider$1.run(Spider.java:320)
	at us.codecraft.webmagic.thread.CountableThreadPool$1.run(CountableThreadPool.java:74)
	at java.util.concurrent.ThreadPoolExecutor.runWorker(ThreadPoolExecutor.java:1142)
	at java.util.concurrent.ThreadPoolExecutor$Worker.run(ThreadPoolExecutor.java:617)
	at java.lang.Thread.run(Thread.java:745)

2019-05-07 06:57:36.550 ERROR 6296 --- [pool-2-thread-5] us.codecraft.webmagic.Spider             : process request Request{url='https://tech.sina.com.cn/it/2019-05-01/doc-ihvhiqax6131085.shtml', method='null', extras=null, priority=0, headers={}, cookies={}} error

java.lang.NullPointerException: text
	at java.util.Objects.requireNonNull(Objects.java:228)
	at java.time.format.DateTimeFormatter.parse(DateTimeFormatter.java:1848)
	at java.time.LocalDateTime.parse(LocalDateTime.java:492)
	at club.p9j7.spider.SinaSpider.process(SinaSpider.java:52)
	at us.codecraft.webmagic.Spider.onDownloadSuccess(Spider.java:414)
	at us.codecraft.webmagic.Spider.processRequest(Spider.java:406)
	at us.codecraft.webmagic.Spider.access$000(Spider.java:61)
	at us.codecraft.webmagic.Spider$1.run(Spider.java:320)
	at us.codecraft.webmagic.thread.CountableThreadPool$1.run(CountableThreadPool.java:74)
	at java.util.concurrent.ThreadPoolExecutor.runWorker(ThreadPoolExecutor.java:1142)
	at java.util.concurrent.ThreadPoolExecutor$Worker.run(ThreadPoolExecutor.java:617)
	at java.lang.Thread.run(Thread.java:745)

2019-05-07 06:57:46.964 ERROR 6296 --- [pool-2-thread-2] us.codecraft.webmagic.Spider             : process request Request{url='https://tech.sina.com.cn/it/2019-05-01/doc-ihvhiewr9254595.shtml', method='null', extras=null, priority=0, headers={}, cookies={}} error

java.lang.NullPointerException: text
	at java.util.Objects.requireNonNull(Objects.java:228)
	at java.time.format.DateTimeFormatter.parse(DateTimeFormatter.java:1848)
	at java.time.LocalDateTime.parse(LocalDateTime.java:492)
	at club.p9j7.spider.SinaSpider.process(SinaSpider.java:52)
	at us.codecraft.webmagic.Spider.onDownloadSuccess(Spider.java:414)
	at us.codecraft.webmagic.Spider.processRequest(Spider.java:406)
	at us.codecraft.webmagic.Spider.access$000(Spider.java:61)
	at us.codecraft.webmagic.Spider$1.run(Spider.java:320)
	at us.codecraft.webmagic.thread.CountableThreadPool$1.run(CountableThreadPool.java:74)
	at java.util.concurrent.ThreadPoolExecutor.runWorker(ThreadPoolExecutor.java:1142)
	at java.util.concurrent.ThreadPoolExecutor$Worker.run(ThreadPoolExecutor.java:617)
	at java.lang.Thread.run(Thread.java:745)

